2026-06-10 07:52:58 DEBUG 24999 app.db : migrations.migration created id=1
2026-06-10 07:52:58 DEBUG 24999 app.db : migrations.migration created id=2
2026-06-10 07:52:58 DEBUG 24999 app.db : migrations.migration created id=3
2026-06-10 07:52:58 DEBUG 24999 app.db : migrations.migration created id=4
2026-06-10 07:52:58 DEBUG 24999 app.db : migrations.migration created id=5
2026-06-10 07:52:58 DEBUG 24999 app.db : migrations.migration created id=6
2026-06-10 07:52:58 DEBUG 24999 app.db : migrations.migration created id=7
2026-06-10 07:52:58 DEBUG 24999 app.db : migrations.migration created id=8
2026-06-10 07:52:58 DEBUG 24999 app.db : migrations.migration created id=9
2026-06-10 07:52:58 DEBUG 24999 app.db : migrations.migration created id=10
2026-06-10 07:52:58 DEBUG 24999 app.db : migrations.migration created id=11
2026-06-10 07:52:58 DEBUG 24999 app.db : migrations.migration created id=12
2026-06-10 07:52:58 DEBUG 24999 app.db : migrations.migration created id=13
2026-06-10 07:52:58 DEBUG 24999 app.db : migrations.migration created id=14
2026-06-10 07:52:58 DEBUG 24999 app.db : migrations.migration created id=15
2026-06-10 07:52:58 DEBUG 24999 app.db : migrations.migration created id=16
2026-06-10 07:52:58 DEBUG 24999 app.db : migrations.migration created id=17
2026-06-10 07:52:58 DEBUG 24999 app.db : migrations.migration created id=18
2026-06-10 07:52:58 DEBUG 24999 app.db : migrations.migration created id=19
2026-06-10 07:52:58 DEBUG 24999 app.db : migrations.migration created id=20
2026-06-10 07:52:58 DEBUG 24999 app.db : migrations.migration created id=21
2026-06-10 07:52:58 DEBUG 24999 app.db : migrations.migration created id=22
2026-06-10 07:52:58 DEBUG 24999 app.db : migrations.migration created id=23
2026-06-10 07:52:58 DEBUG 24999 app.db : migrations.migration created id=24
2026-06-10 07:52:58 DEBUG 24999 app.db : migrations.migration created id=25
2026-06-10 07:52:58 DEBUG 24999 app.db : migrations.migration created id=26
2026-06-10 07:52:58 DEBUG 24999 app.db : migrations.migration created id=27
2026-06-10 07:52:58 DEBUG 24999 app.db : migrations.migration created id=28
2026-06-10 07:52:58 DEBUG 24999 app.db : migrations.migration created id=29
2026-06-10 07:52:58 DEBUG 24999 app.db : migrations.migration created id=30
2026-06-10 07:52:58 DEBUG 24999 app.db : migrations.migration created id=31
2026-06-10 07:52:58 DEBUG 24999 app.db : masters.organizationaddress created id=1
2026-06-10 07:52:58 DEBUG 24999 app.db : migrations.migration created id=32
2026-06-10 07:52:58 DEBUG 24999 app.db : migrations.migration created id=33
2026-06-10 07:52:58 DEBUG 24999 app.db : migrations.migration created id=34
2026-06-10 07:52:58 DEBUG 24999 app.db : migrations.migration created id=35
2026-06-10 07:52:58 DEBUG 24999 app.db : migrations.migration created id=36
2026-06-10 07:52:58 DEBUG 24999 app.db : migrations.migration created id=37
2026-06-10 07:52:58 DEBUG 24999 app.db : migrations.migration created id=38
2026-06-10 07:52:58 DEBUG 24999 app.db : migrations.migration created id=39
2026-06-10 07:52:59 DEBUG 24999 app.db : migrations.migration created id=40
2026-06-10 07:52:59 DEBUG 24999 app.db : migrations.migration created id=41
2026-06-10 07:52:59 DEBUG 24999 app.db : migrations.migration created id=42
2026-06-10 07:52:59 DEBUG 24999 app.db : migrations.migration created id=43
2026-06-10 07:52:59 DEBUG 24999 app.db : migrations.migration created id=44
2026-06-10 07:52:59 DEBUG 24999 app.db : migrations.migration created id=45
2026-06-10 07:52:59 DEBUG 24999 app.db : migrations.migration created id=46
2026-06-10 07:52:59 DEBUG 24999 app.db : migrations.migration created id=47
2026-06-10 07:52:59 DEBUG 24999 app.db : migrations.migration created id=48
2026-06-10 07:52:59 DEBUG 24999 app.db : migrations.migration created id=49
2026-06-10 09:10:55 DEBUG 26772 app.db : migrations.migration created id=1
2026-06-10 09:10:55 DEBUG 26772 app.db : migrations.migration created id=2
2026-06-10 09:10:55 DEBUG 26772 app.db : migrations.migration created id=3
2026-06-10 09:10:55 DEBUG 26772 app.db : migrations.migration created id=4
2026-06-10 09:10:55 DEBUG 26772 app.db : migrations.migration created id=5
2026-06-10 09:10:55 DEBUG 26772 app.db : migrations.migration created id=6
2026-06-10 09:10:55 DEBUG 26772 app.db : migrations.migration created id=7
2026-06-10 09:10:55 DEBUG 26772 app.db : migrations.migration created id=8
2026-06-10 09:10:55 DEBUG 26772 app.db : migrations.migration created id=9
2026-06-10 09:10:55 DEBUG 26772 app.db : migrations.migration created id=10
2026-06-10 09:10:55 DEBUG 26772 app.db : migrations.migration created id=11
2026-06-10 09:10:55 DEBUG 26772 app.db : migrations.migration created id=12
2026-06-10 09:10:55 DEBUG 26772 app.db : migrations.migration created id=13
2026-06-10 09:10:55 DEBUG 26772 app.db : migrations.migration created id=14
2026-06-10 09:10:55 DEBUG 26772 app.db : migrations.migration created id=15
2026-06-10 09:10:55 DEBUG 26772 app.db : migrations.migration created id=16
2026-06-10 09:10:55 DEBUG 26772 app.db : migrations.migration created id=17
2026-06-10 09:10:55 DEBUG 26772 app.db : migrations.migration created id=18
2026-06-10 09:10:55 DEBUG 26772 app.db : migrations.migration created id=19
2026-06-10 09:10:55 DEBUG 26772 app.db : migrations.migration created id=20
2026-06-10 09:10:55 DEBUG 26772 app.db : migrations.migration created id=21
2026-06-10 09:10:55 DEBUG 26772 app.db : migrations.migration created id=22
2026-06-10 09:10:55 DEBUG 26772 app.db : migrations.migration created id=23
2026-06-10 09:10:55 DEBUG 26772 app.db : migrations.migration created id=24
2026-06-10 09:10:55 DEBUG 26772 app.db : migrations.migration created id=25
2026-06-10 09:10:55 DEBUG 26772 app.db : migrations.migration created id=26
2026-06-10 09:10:55 DEBUG 26772 app.db : migrations.migration created id=27
2026-06-10 09:10:55 DEBUG 26772 app.db : migrations.migration created id=28
2026-06-10 09:10:56 DEBUG 26772 app.db : migrations.migration created id=29
2026-06-10 09:10:56 DEBUG 26772 app.db : migrations.migration created id=30
2026-06-10 09:10:56 DEBUG 26772 app.db : migrations.migration created id=31
2026-06-10 09:10:56 DEBUG 26772 app.db : masters.organizationaddress created id=1
2026-06-10 09:10:56 DEBUG 26772 app.db : migrations.migration created id=32
2026-06-10 09:10:56 DEBUG 26772 app.db : migrations.migration created id=33
2026-06-10 09:10:56 DEBUG 26772 app.db : migrations.migration created id=34
2026-06-10 09:10:56 DEBUG 26772 app.db : migrations.migration created id=35
2026-06-10 09:10:56 DEBUG 26772 app.db : migrations.migration created id=36
2026-06-10 09:10:56 DEBUG 26772 app.db : migrations.migration created id=37
2026-06-10 09:10:56 DEBUG 26772 app.db : migrations.migration created id=38
2026-06-10 09:10:56 DEBUG 26772 app.db : migrations.migration created id=39
2026-06-10 09:10:56 DEBUG 26772 app.db : migrations.migration created id=40
2026-06-10 09:10:56 DEBUG 26772 app.db : migrations.migration created id=41
2026-06-10 09:10:56 DEBUG 26772 app.db : migrations.migration created id=42
2026-06-10 09:10:56 DEBUG 26772 app.db : migrations.migration created id=43
2026-06-10 09:10:56 DEBUG 26772 app.db : migrations.migration created id=44
2026-06-10 09:10:56 DEBUG 26772 app.db : migrations.migration created id=45
2026-06-10 09:10:57 DEBUG 26772 app.db : migrations.migration created id=46
2026-06-10 09:10:57 DEBUG 26772 app.db : migrations.migration created id=47
2026-06-10 09:10:57 DEBUG 26772 app.db : migrations.migration created id=48
2026-06-10 09:10:57 DEBUG 26772 app.db : migrations.migration created id=49
2026-06-10 09:10:57 DEBUG 26772 app.db : migrations.migration created id=50
2026-06-10 09:10:57 DEBUG 26772 app.db : migrations.migration created id=51
2026-06-10 09:10:57 DEBUG 26772 app.db : migrations.migration created id=52
2026-06-10 10:17:08 DEBUG 30785 app.db : migrations.migration created id=1
2026-06-10 10:17:08 DEBUG 30785 app.db : migrations.migration created id=2
2026-06-10 10:17:08 DEBUG 30785 app.db : migrations.migration created id=3
2026-06-10 10:17:08 DEBUG 30785 app.db : migrations.migration created id=4
2026-06-10 10:17:08 DEBUG 30785 app.db : migrations.migration created id=5
2026-06-10 10:17:08 DEBUG 30785 app.db : migrations.migration created id=6
2026-06-10 10:17:08 DEBUG 30785 app.db : migrations.migration created id=7
2026-06-10 10:17:08 DEBUG 30785 app.db : migrations.migration created id=8
2026-06-10 10:17:08 DEBUG 30785 app.db : migrations.migration created id=9
2026-06-10 10:17:08 DEBUG 30785 app.db : migrations.migration created id=10
2026-06-10 10:17:08 DEBUG 30785 app.db : migrations.migration created id=11
2026-06-10 10:17:08 DEBUG 30785 app.db : migrations.migration created id=12
2026-06-10 10:17:08 DEBUG 30785 app.db : migrations.migration created id=13
2026-06-10 10:17:08 DEBUG 30785 app.db : migrations.migration created id=14
2026-06-10 10:17:08 DEBUG 30785 app.db : migrations.migration created id=15
2026-06-10 10:17:08 DEBUG 30785 app.db : migrations.migration created id=16
2026-06-10 10:17:08 DEBUG 30785 app.db : migrations.migration created id=17
2026-06-10 10:17:08 DEBUG 30785 app.db : migrations.migration created id=18
2026-06-10 10:17:08 DEBUG 30785 app.db : migrations.migration created id=19
2026-06-10 10:17:08 DEBUG 30785 app.db : migrations.migration created id=20
2026-06-10 10:17:08 DEBUG 30785 app.db : migrations.migration created id=21
2026-06-10 10:17:08 DEBUG 30785 app.db : migrations.migration created id=22
2026-06-10 10:17:08 DEBUG 30785 app.db : migrations.migration created id=23
2026-06-10 10:17:08 DEBUG 30785 app.db : migrations.migration created id=24
2026-06-10 10:17:08 DEBUG 30785 app.db : migrations.migration created id=25
2026-06-10 10:17:08 DEBUG 30785 app.db : migrations.migration created id=26
2026-06-10 10:17:08 DEBUG 30785 app.db : migrations.migration created id=27
2026-06-10 10:17:08 DEBUG 30785 app.db : migrations.migration created id=28
2026-06-10 10:17:08 DEBUG 30785 app.db : migrations.migration created id=29
2026-06-10 10:17:08 DEBUG 30785 app.db : migrations.migration created id=30
2026-06-10 10:17:08 DEBUG 30785 app.db : migrations.migration created id=31
2026-06-10 10:21:18 DEBUG 31482 app.db : users.user created id=1
2026-06-10 10:21:18 DEBUG 31482 app.db : users.user updated id=1
2026-06-10 10:36:40 DEBUG 32398 app.db : users.user updated id=1
2026-06-10 10:36:40 DEBUG 32398 app.db : audit.auditlog created id=1
2026-06-10 10:46:22 DEBUG 34445 app.db : pettycash.pettycashfund created id=1
2026-06-11 03:53:28 DEBUG 35867 app.db : users.user updated id=1
2026-06-11 03:53:28 DEBUG 35867 app.db : audit.auditlog created id=2
2026-06-11 09:45:07 DEBUG 52926 app.db : masters.item created id=1
2026-06-11 09:45:07 DEBUG 52926 app.db : audit.auditlog created id=3
2026-06-11 09:45:07 DEBUG 52926 app.db : masters.item updated id=1
2026-06-11 09:45:07 DEBUG 52926 app.db : audit.auditlog created id=4
2026-06-11 09:45:07 DEBUG 52926 app.db : masters.item deleted id=1
2026-06-11 09:45:07 DEBUG 52926 app.db : audit.auditlog created id=5
2026-06-11 09:54:39 DEBUG 53543 app.db : masters.vendor created id=1
2026-06-11 09:54:39 DEBUG 53543 app.db : masters.vendor updated id=1
2026-06-11 09:54:39 DEBUG 53543 app.db : audit.auditlog created id=6
2026-06-11 09:54:39 DEBUG 53543 app.db : masters.vendor updated id=1
2026-06-11 09:54:39 DEBUG 53543 app.db : audit.auditlog created id=7
2026-06-11 09:54:39 DEBUG 53543 app.db : masters.vendor deleted id=1
2026-06-11 09:54:39 DEBUG 53543 app.db : audit.auditlog created id=8
2026-06-11 09:54:39 DEBUG 53543 app.db : masters.customer created id=1
2026-06-11 09:54:39 DEBUG 53543 app.db : masters.customer updated id=1
2026-06-11 09:54:39 DEBUG 53543 app.db : audit.auditlog created id=9
2026-06-11 09:54:39 DEBUG 53543 app.db : masters.customer updated id=1
2026-06-11 09:54:39 DEBUG 53543 app.db : audit.auditlog created id=10
2026-06-11 09:54:39 DEBUG 53543 app.db : masters.organizationaddress created id=1
2026-06-11 09:54:39 DEBUG 53543 app.db : audit.auditlog created id=11
2026-06-11 09:54:39 DEBUG 53543 app.db : masters.organizationaddress updated id=1
2026-06-11 09:54:39 DEBUG 53543 app.db : masters.organizationaddress updated id=1
2026-06-11 09:54:39 DEBUG 53543 app.db : stock.warehouse created id=1
2026-06-11 09:54:39 DEBUG 53543 app.db : audit.auditlog created id=12
2026-06-11 09:54:39 DEBUG 53543 app.db : stock.warehouse updated id=1
2026-06-11 09:54:39 DEBUG 53543 app.db : audit.auditlog created id=13
2026-06-11 09:54:39 DEBUG 53543 app.db : stock.warehouse updated id=1
2026-06-11 09:56:24 DEBUG 53681 app.db : masters.vendor created id=2
2026-06-11 09:58:28 DEBUG 53803 app.db : masters.vendor created id=3
2026-06-11 09:58:28 DEBUG 53803 app.db : masters.vendor deleted id=3
2026-06-11 09:59:53 DEBUG 54272 app.db : masters.vendor created id=4
2026-06-11 09:59:53 DEBUG 54272 app.db : masters.item created id=2
2026-06-11 09:59:53 DEBUG 54272 app.db : stock.warehouse created id=2
2026-06-11 09:59:53 DEBUG 54272 app.db : purchases.purchaseorder created id=1
2026-06-11 09:59:53 DEBUG 54272 app.db : purchases.purchaseorderitem created id=1
2026-06-11 09:59:53 DEBUG 54272 app.db : purchases.purchaseorder updated id=1
2026-06-11 09:59:53 DEBUG 54272 app.db : audit.auditlog created id=14
2026-06-11 09:59:53 DEBUG 54272 app.db : purchases.purchaseorder updated id=1
2026-06-11 09:59:53 DEBUG 54272 app.db : audit.auditlog created id=15
2026-06-11 09:59:53 DEBUG 54272 app.db : purchases.purchaseentry created id=1
2026-06-11 09:59:53 DEBUG 54272 app.db : purchases.purchaseentryitem created id=1
2026-06-11 09:59:53 DEBUG 54272 app.db : purchases.purchaseentry updated id=1
2026-06-11 09:59:53 DEBUG 54272 app.db : purchases.purchaseentry updated id=1
2026-06-11 09:59:53 DEBUG 54272 app.db : audit.auditlog created id=16
2026-06-11 09:59:53 DEBUG 54272 app.db : stock.stock created id=1
2026-06-11 09:59:53 DEBUG 54272 app.db : stock.stock updated id=1
2026-06-11 09:59:53 DEBUG 54272 app.db : stock.stockhistory created id=1
2026-06-11 09:59:53 DEBUG 54272 app.db : purchases.purchaseentry updated id=1
2026-06-11 09:59:53 DEBUG 54272 app.db : purchases.purchaseorder updated id=1
2026-06-11 09:59:53 DEBUG 54272 app.db : audit.auditlog created id=17
2026-06-11 09:59:53 DEBUG 54272 app.db : purchases.purchasepayment created id=1
2026-06-11 09:59:53 DEBUG 54272 app.db : purchases.purchaseentry updated id=1
2026-06-11 10:14:46 DEBUG 55452 app.db : masters.vendor created id=5
2026-06-11 10:14:46 DEBUG 55452 app.db : masters.customer created id=2
2026-06-11 10:14:46 DEBUG 55452 app.db : masters.item created id=3
2026-06-11 10:14:46 DEBUG 55452 app.db : stock.warehouse created id=3
2026-06-11 10:14:46 DEBUG 55452 app.db : stock.stock created id=2
2026-06-11 10:14:46 DEBUG 55452 app.db : stock.stock deleted id=2
2026-06-11 10:14:47 DEBUG 55452 app.db : stock.warehouse deleted id=3
2026-06-11 10:14:47 DEBUG 55452 app.db : masters.item deleted id=3
2026-06-11 10:14:47 DEBUG 55452 app.db : masters.customer deleted id=2
2026-06-11 10:14:47 DEBUG 55452 app.db : masters.vendor deleted id=5
2026-06-11 10:15:44 DEBUG 55530 app.db : masters.vendor created id=6
2026-06-11 10:15:44 DEBUG 55530 app.db : masters.customer created id=3
2026-06-11 10:15:44 DEBUG 55530 app.db : masters.item created id=4
2026-06-11 10:15:44 DEBUG 55530 app.db : stock.warehouse created id=4
2026-06-11 10:15:44 DEBUG 55530 app.db : stock.stock created id=3
2026-06-11 10:15:44 DEBUG 55530 app.db : sales.salesinvoice created id=1
2026-06-11 10:15:44 DEBUG 55530 app.db : sales.salesinvoiceitem created id=1
2026-06-11 10:15:44 DEBUG 55530 app.db : sales.salesinvoice updated id=1
2026-06-11 10:15:44 DEBUG 55530 app.db : sales.salesinvoice updated id=1
2026-06-11 10:15:44 DEBUG 55530 app.db : audit.auditlog created id=18
2026-06-11 10:15:44 DEBUG 55530 app.db : sales.salesinvoice updated id=1
2026-06-11 10:15:44 DEBUG 55530 app.db : sales.salesinvoiceitem deleted id=1
2026-06-11 10:15:44 DEBUG 55530 app.db : sales.salesinvoiceitem created id=2
2026-06-11 10:15:44 DEBUG 55530 app.db : sales.salesinvoice updated id=1
2026-06-11 10:15:44 DEBUG 55530 app.db : sales.salesinvoice updated id=1
2026-06-11 10:15:44 DEBUG 55530 app.db : audit.auditlog created id=19
2026-06-11 10:15:44 DEBUG 55530 app.db : stock.stock updated id=3
2026-06-11 10:15:44 DEBUG 55530 app.db : stock.stockhistory created id=2
2026-06-11 10:15:44 DEBUG 55530 app.db : sales.salesinvoice updated id=1
2026-06-11 10:15:44 DEBUG 55530 app.db : sales.salesinvoice updated id=1
2026-06-11 10:15:53 DEBUG 55530 app.db : audit.auditlog created id=20
2026-06-11 10:15:53 DEBUG 55530 app.db : sales.salespayment created id=1
2026-06-11 10:15:53 DEBUG 55530 app.db : sales.salesinvoice updated id=1
2026-06-11 10:15:53 DEBUG 55530 app.db : sales.salespayment deleted id=1
2026-06-11 10:15:53 DEBUG 55530 app.db : sales.salesinvoice updated id=1
2026-06-11 10:15:53 DEBUG 55530 app.db : stock.stock updated id=3
2026-06-11 10:15:53 DEBUG 55530 app.db : stock.stockhistory created id=3
2026-06-11 10:15:53 DEBUG 55530 app.db : sales.salesinvoice updated id=1
2026-06-11 10:15:53 DEBUG 55530 app.db : sales.salesinvoice updated id=1
2026-06-11 10:15:53 DEBUG 55530 app.db : audit.auditlog created id=21
2026-06-11 10:15:53 DEBUG 55530 app.db : sales.salesinvoiceitem deleted id=2
2026-06-11 10:15:53 DEBUG 55530 app.db : sales.salesinvoice deleted id=1
2026-06-11 10:15:53 DEBUG 55530 app.db : stock.stock deleted id=3
2026-06-11 10:15:53 DEBUG 55530 app.db : stock.stockhistory deleted id=3
2026-06-11 10:15:53 DEBUG 55530 app.db : stock.stockhistory deleted id=2
2026-06-11 10:15:53 DEBUG 55530 app.db : stock.warehouse deleted id=4
2026-06-11 10:15:53 DEBUG 55530 app.db : masters.item deleted id=4
2026-06-11 10:15:53 DEBUG 55530 app.db : masters.customer deleted id=3
2026-06-11 10:15:53 DEBUG 55530 app.db : masters.vendor deleted id=6
2026-06-11 10:17:37 DEBUG 55783 app.db : users.user created id=2
2026-06-11 10:17:37 DEBUG 55783 app.db : users.user updated id=2
2026-06-11 10:17:37 DEBUG 55783 app.db : audit.auditlog created id=22
2026-06-11 10:17:37 DEBUG 55783 app.db : users.user updated id=2
2026-06-11 10:17:37 DEBUG 55783 app.db : audit.auditlog created id=23
2026-06-11 10:17:37 DEBUG 55783 app.db : users.user updated id=2
2026-06-11 10:17:37 DEBUG 55783 app.db : audit.auditlog created id=24
2026-06-11 10:17:37 DEBUG 55783 app.db : users.user updated id=1
2026-06-11 10:17:37 DEBUG 55783 app.db : audit.auditlog created id=25
2026-06-11 10:17:37 DEBUG 55783 app.db : pettycash.pettycashfund updated id=1
2026-06-11 10:17:37 DEBUG 55783 app.db : pettycash.pettycashentry created id=1
2026-06-11 10:17:37 DEBUG 55783 app.db : audit.auditlog created id=26
2026-06-11 10:17:37 DEBUG 55783 app.db : pettycash.pettycashfund updated id=1
2026-06-11 10:17:37 DEBUG 55783 app.db : pettycash.pettycashfund updated id=1
2026-06-11 10:17:37 DEBUG 55783 app.db : audit.auditlog created id=27
2026-06-11 10:17:37 DEBUG 55783 app.db : pettycash.pettycashfund updated id=1
2026-06-11 10:17:37 DEBUG 55783 app.db : pettycash.pettycashentry deleted id=1
2026-06-11 10:17:37 DEBUG 55783 app.db : audit.auditlog created id=28
2026-06-11 10:17:37 DEBUG 55783 app.db : users.user deleted id=2
2026-06-11 10:17:37 DEBUG 55783 app.db : audit.auditlog created id=29
2026-06-11 10:27:46 DEBUG 56627 app.db : masters.vendor created id=7
2026-06-11 10:27:46 DEBUG 56627 app.db : masters.customer created id=4
2026-06-11 10:27:46 DEBUG 56627 app.db : masters.item created id=5
2026-06-11 10:27:46 DEBUG 56627 app.db : stock.warehouse created id=5
2026-06-11 10:27:46 DEBUG 56627 app.db : stock.stock created id=4
2026-06-11 10:27:46 DEBUG 56627 app.db : sales.salesinvoice created id=2
2026-06-11 10:27:46 DEBUG 56627 app.db : sales.salesinvoiceitem created id=3
2026-06-11 10:27:46 DEBUG 56627 app.db : sales.salesinvoice updated id=2
2026-06-11 10:27:46 DEBUG 56627 app.db : sales.salesinvoice updated id=2
2026-06-11 10:27:46 DEBUG 56627 app.db : audit.auditlog created id=30
2026-06-11 10:27:46 DEBUG 56627 app.db : sales.salesinvoice updated id=2
2026-06-11 10:27:46 DEBUG 56627 app.db : sales.salesinvoiceitem deleted id=3
2026-06-11 10:27:46 DEBUG 56627 app.db : sales.salesinvoiceitem created id=4
2026-06-11 10:27:46 DEBUG 56627 app.db : sales.salesinvoice updated id=2
2026-06-11 10:27:46 DEBUG 56627 app.db : sales.salesinvoice updated id=2
2026-06-11 10:27:46 DEBUG 56627 app.db : audit.auditlog created id=31
2026-06-11 10:27:46 DEBUG 56627 app.db : stock.stock updated id=4
2026-06-11 10:27:46 DEBUG 56627 app.db : stock.stockhistory created id=4
2026-06-11 10:27:46 DEBUG 56627 app.db : sales.salesinvoice updated id=2
2026-06-11 10:27:46 DEBUG 56627 app.db : sales.salesinvoice updated id=2
2026-06-11 10:27:55 DEBUG 56627 app.db : audit.auditlog created id=32
2026-06-11 10:27:55 DEBUG 56627 app.db : sales.salespayment created id=2
2026-06-11 10:27:55 DEBUG 56627 app.db : sales.salesinvoice updated id=2
2026-06-11 10:27:55 DEBUG 56627 app.db : pettycash.pettycashfund updated id=1
2026-06-11 10:27:55 DEBUG 56627 app.db : pettycash.pettycashentry created id=2
2026-06-11 10:27:55 DEBUG 56627 app.db : audit.auditlog created id=33
2026-06-11 10:27:55 DEBUG 56627 app.db : pettycash.pettycashfund updated id=1
2026-06-11 10:27:55 DEBUG 56627 app.db : pettycash.pettycashfund updated id=1
2026-06-11 10:27:55 DEBUG 56627 app.db : audit.auditlog created id=34
2026-06-11 10:27:55 DEBUG 56627 app.db : pettycash.pettycashfund updated id=1
2026-06-11 10:27:55 DEBUG 56627 app.db : pettycash.pettycashentry deleted id=2
2026-06-11 10:27:55 DEBUG 56627 app.db : audit.auditlog created id=35
2026-06-11 10:27:55 DEBUG 56627 app.db : sales.salespayment deleted id=2
2026-06-11 10:27:55 DEBUG 56627 app.db : sales.salesinvoice updated id=2
2026-06-11 10:27:55 DEBUG 56627 app.db : stock.stock updated id=4
2026-06-11 10:27:55 DEBUG 56627 app.db : stock.stockhistory created id=5
2026-06-11 10:27:55 DEBUG 56627 app.db : sales.salesinvoice updated id=2
2026-06-11 10:27:55 DEBUG 56627 app.db : sales.salesinvoice updated id=2
2026-06-11 10:27:55 DEBUG 56627 app.db : audit.auditlog created id=36
2026-06-11 10:27:55 DEBUG 56627 app.db : sales.salesinvoiceitem deleted id=4
2026-06-11 10:27:55 DEBUG 56627 app.db : sales.salesinvoice deleted id=2
2026-06-11 10:27:55 DEBUG 56627 app.db : stock.stock deleted id=4
2026-06-11 10:27:55 DEBUG 56627 app.db : stock.stockhistory deleted id=5
2026-06-11 10:27:55 DEBUG 56627 app.db : stock.stockhistory deleted id=4
2026-06-11 10:27:55 DEBUG 56627 app.db : stock.warehouse deleted id=5
2026-06-11 10:27:55 DEBUG 56627 app.db : masters.item deleted id=5
2026-06-11 10:27:55 DEBUG 56627 app.db : masters.customer deleted id=4
2026-06-11 10:27:55 DEBUG 56627 app.db : masters.vendor deleted id=7
2026-06-11 10:31:36 DEBUG 55487 app.db : masters.item created id=6
2026-06-11 10:31:36 DEBUG 55487 app.db : audit.auditlog created id=37
2026-06-11 10:32:51 DEBUG 55487 app.db : masters.vendor updated id=4
2026-06-11 10:32:51 DEBUG 55487 app.db : audit.auditlog created id=38
2026-06-11 10:33:07 DEBUG 55487 app.db : masters.vendor updated id=4
2026-06-11 10:33:07 DEBUG 55487 app.db : audit.auditlog created id=39
2026-06-11 10:33:17 DEBUG 55487 app.db : masters.vendor updated id=2
2026-06-11 10:33:17 DEBUG 55487 app.db : audit.auditlog created id=40
2026-06-11 10:33:52 DEBUG 55487 app.db : masters.customer updated id=1
2026-06-11 10:33:52 DEBUG 55487 app.db : audit.auditlog created id=41
2026-06-11 10:40:40 DEBUG 55487 app.db : masters.item updated id=6
2026-06-11 10:40:40 DEBUG 55487 app.db : audit.auditlog created id=42
2026-06-11 10:44:59 DEBUG 58286 app.db : migrations.migration created id=32
2026-06-11 10:45:23 DEBUG 58314 app.db : masters.item created id=7
2026-06-11 10:45:23 DEBUG 58314 app.db : audit.auditlog created id=43
2026-06-11 10:45:23 DEBUG 58314 app.db : masters.item deleted id=7
2026-06-11 10:52:56 DEBUG 58202 app.db : masters.item updated id=6
2026-06-11 10:52:56 DEBUG 58202 app.db : audit.auditlog created id=44
2026-06-11 11:14:08 DEBUG 60283 app.db : purchases.purchaseorder created id=2
2026-06-11 11:14:08 DEBUG 60283 app.db : purchases.purchaseorderitem created id=2
2026-06-11 11:14:08 DEBUG 60283 app.db : purchases.purchaseorder updated id=2
2026-06-11 11:14:08 DEBUG 60283 app.db : audit.auditlog created id=45
2026-06-11 12:54:28 DEBUG 60283 app.db : users.user updated id=1
2026-06-11 12:54:28 DEBUG 60283 app.db : audit.auditlog created id=46
2026-06-11 12:54:50 DEBUG 60283 app.db : purchases.purchaseorder updated id=2
2026-06-11 12:54:50 DEBUG 60283 app.db : audit.auditlog created id=47
2026-06-11 12:55:53 DEBUG 60283 app.db : purchases.purchaseentry created id=2
2026-06-11 12:55:53 DEBUG 60283 app.db : purchases.purchaseentryitem created id=2
2026-06-11 12:55:53 DEBUG 60283 app.db : purchases.purchaseentry updated id=2
2026-06-11 12:55:53 DEBUG 60283 app.db : purchases.purchaseentry updated id=2
2026-06-11 12:55:53 DEBUG 60283 app.db : audit.auditlog created id=48
2026-06-11 12:56:49 DEBUG 60283 app.db : stock.warehouse created id=6
2026-06-11 12:56:49 DEBUG 60283 app.db : audit.auditlog created id=49
2026-06-11 13:05:01 DEBUG 60283 app.db : purchases.purchaseentryitem deleted id=2
2026-06-11 13:05:01 DEBUG 60283 app.db : purchases.purchaseentry deleted id=2
2026-06-11 13:05:30 DEBUG 60283 app.db : purchases.purchaseentry created id=3
2026-06-11 13:05:30 DEBUG 60283 app.db : purchases.purchaseentryitem created id=3
2026-06-11 13:05:30 DEBUG 60283 app.db : purchases.purchaseentry updated id=3
2026-06-11 13:05:30 DEBUG 60283 app.db : purchases.purchaseentry updated id=3
2026-06-11 13:05:30 DEBUG 60283 app.db : audit.auditlog created id=50
2026-06-11 13:05:41 DEBUG 60283 app.db : stock.stock created id=5
2026-06-11 13:05:41 DEBUG 60283 app.db : stock.stock updated id=5
2026-06-11 13:05:41 DEBUG 60283 app.db : stock.stockhistory created id=6
2026-06-11 13:05:41 DEBUG 60283 app.db : purchases.purchaseentry updated id=3
2026-06-11 13:05:41 DEBUG 60283 app.db : purchases.purchaseorder updated id=2
2026-06-11 13:05:41 DEBUG 60283 app.db : audit.auditlog created id=51
2026-06-11 13:06:10 DEBUG 60283 app.db : purchases.purchasepayment created id=2
2026-06-11 13:06:10 DEBUG 60283 app.db : purchases.purchaseentry updated id=3
2026-06-11 13:10:21 DEBUG 60283 app.db : masters.item created id=8
2026-06-11 13:10:21 DEBUG 60283 app.db : audit.auditlog created id=52
2026-06-11 14:39:48 DEBUG 70289 app.db : purchases.purchasepayment created id=3
2026-06-11 14:39:49 DEBUG 70289 app.db : purchases.purchaseentry updated id=3
2026-06-12 05:56:12 DEBUG 82850 app.db : users.user updated id=1
2026-06-12 05:56:12 DEBUG 82850 app.db : audit.auditlog created id=53
2026-06-15 05:37:37 DEBUG 58205 app.db : migrations.migration created id=1
2026-06-15 05:37:37 DEBUG 58205 app.db : migrations.migration created id=2
2026-06-15 05:37:37 DEBUG 58205 app.db : migrations.migration created id=3
2026-06-15 05:37:37 DEBUG 58205 app.db : migrations.migration created id=4
2026-06-15 05:37:37 DEBUG 58205 app.db : migrations.migration created id=5
2026-06-15 05:37:37 DEBUG 58205 app.db : migrations.migration created id=6
2026-06-15 05:37:37 DEBUG 58205 app.db : migrations.migration created id=7
2026-06-15 05:37:37 DEBUG 58205 app.db : migrations.migration created id=8
2026-06-15 05:37:37 DEBUG 58205 app.db : migrations.migration created id=9
2026-06-15 05:37:37 DEBUG 58205 app.db : migrations.migration created id=10
2026-06-15 05:37:37 DEBUG 58205 app.db : migrations.migration created id=11
2026-06-15 05:37:37 DEBUG 58205 app.db : migrations.migration created id=12
2026-06-15 05:37:37 DEBUG 58205 app.db : migrations.migration created id=13
2026-06-15 05:37:37 DEBUG 58205 app.db : migrations.migration created id=14
2026-06-15 05:37:37 DEBUG 58205 app.db : migrations.migration created id=15
2026-06-15 05:37:37 DEBUG 58205 app.db : migrations.migration created id=16
2026-06-15 05:37:37 DEBUG 58205 app.db : migrations.migration created id=17
2026-06-15 05:37:37 DEBUG 58205 app.db : migrations.migration created id=18
2026-06-15 05:37:37 DEBUG 58205 app.db : migrations.migration created id=19
2026-06-15 05:37:37 DEBUG 58205 app.db : migrations.migration created id=20
2026-06-15 05:37:37 DEBUG 58205 app.db : migrations.migration created id=21
2026-06-15 05:37:37 DEBUG 58205 app.db : migrations.migration created id=22
2026-06-15 05:37:37 DEBUG 58205 app.db : migrations.migration created id=23
2026-06-15 05:37:37 DEBUG 58205 app.db : migrations.migration created id=24
2026-06-15 05:37:37 DEBUG 58205 app.db : migrations.migration created id=25
2026-06-15 05:37:37 DEBUG 58205 app.db : migrations.migration created id=26
2026-06-15 05:37:37 DEBUG 58205 app.db : migrations.migration created id=27
2026-06-15 05:37:37 DEBUG 58205 app.db : migrations.migration created id=28
2026-06-15 05:37:37 DEBUG 58205 app.db : migrations.migration created id=29
2026-06-15 05:37:37 DEBUG 58205 app.db : migrations.migration created id=30
2026-06-15 05:37:37 DEBUG 58205 app.db : migrations.migration created id=31
2026-06-15 05:37:37 DEBUG 58205 app.db : migrations.migration created id=32
2026-06-15 05:40:51 DEBUG 59095 app.db : users.user created id=1
2026-06-15 05:40:51 DEBUG 59095 app.db : users.user updated id=1
2026-06-15 05:43:36 DEBUG 59401 app.db : users.user updated id=1
2026-06-15 05:43:36 DEBUG 59401 app.db : audit.auditlog created id=1
2026-06-15 06:21:45 DEBUG 61489 app.db : masters.financialyear updated id=1
2026-06-15 06:21:45 DEBUG 61489 app.db : users.user created id=2
2026-06-15 06:21:45 DEBUG 61489 app.db : users.user updated id=2
2026-06-15 06:21:45 DEBUG 61489 app.db : users.user created id=3
2026-06-15 06:21:46 DEBUG 61489 app.db : users.user updated id=3
2026-06-15 06:21:46 DEBUG 61489 app.db : users.user created id=4
2026-06-15 06:21:46 DEBUG 61489 app.db : users.user updated id=4
2026-06-15 06:21:46 DEBUG 61489 app.db : masters.organizationaddress created id=1
2026-06-15 06:21:46 DEBUG 61489 app.db : masters.organizationaddress created id=2
2026-06-15 06:21:46 DEBUG 61489 app.db : masters.vendor created id=1
2026-06-15 06:21:46 DEBUG 61489 app.db : masters.vendor created id=2
2026-06-15 06:21:46 DEBUG 61489 app.db : masters.vendor created id=3
2026-06-15 06:21:46 DEBUG 61489 app.db : masters.customer created id=1
2026-06-15 06:21:46 DEBUG 61489 app.db : masters.customer created id=2
2026-06-15 06:21:46 DEBUG 61489 app.db : masters.customer created id=3
2026-06-15 06:21:46 DEBUG 61489 app.db : masters.item created id=1
2026-06-15 06:21:46 DEBUG 61489 app.db : masters.item created id=2
2026-06-15 06:21:46 DEBUG 61489 app.db : masters.item created id=3
2026-06-15 06:21:46 DEBUG 61489 app.db : stock.warehouse created id=1
2026-06-15 06:21:46 DEBUG 61489 app.db : stock.warehouse created id=2
2026-06-15 06:21:46 DEBUG 61489 app.db : stock.stock created id=1
2026-06-15 06:21:46 DEBUG 61489 app.db : stock.stockadjustment created id=1
2026-06-15 06:21:46 DEBUG 61489 app.db : stock.stock updated id=1
2026-06-15 06:21:46 DEBUG 61489 app.db : stock.stockhistory created id=1
2026-06-15 06:21:46 DEBUG 61489 app.db : stock.stock created id=2
2026-06-15 06:21:46 DEBUG 61489 app.db : stock.stockadjustment created id=2
2026-06-15 06:21:46 DEBUG 61489 app.db : stock.stock updated id=2
2026-06-15 06:21:46 DEBUG 61489 app.db : stock.stockhistory created id=2
2026-06-15 06:21:46 DEBUG 61489 app.db : stock.stock created id=3
2026-06-15 06:21:46 DEBUG 61489 app.db : stock.stockadjustment created id=3
2026-06-15 06:21:46 DEBUG 61489 app.db : stock.stock updated id=3
2026-06-15 06:21:46 DEBUG 61489 app.db : stock.stockhistory created id=3
2026-06-15 06:21:46 DEBUG 61489 app.db : stock.stocktransfer created id=1
2026-06-15 06:21:46 DEBUG 61489 app.db : stock.stock updated id=1
2026-06-15 06:21:46 DEBUG 61489 app.db : stock.stock updated id=3
2026-06-15 06:21:46 DEBUG 61489 app.db : stock.stockhistory created id=4
2026-06-15 06:21:46 DEBUG 61489 app.db : stock.stockhistory created id=5
2026-06-15 06:21:46 DEBUG 61489 app.db : stock.stocktransfer updated id=1
2026-06-15 06:21:46 DEBUG 61489 app.db : purchases.purchaseorder created id=1
2026-06-15 06:21:46 DEBUG 61489 app.db : purchases.purchaseorderitem created id=1
2026-06-15 06:21:46 DEBUG 61489 app.db : purchases.purchaseorder updated id=1
2026-06-15 06:21:46 DEBUG 61489 app.db : purchases.purchaseentry created id=1
2026-06-15 06:21:46 DEBUG 61489 app.db : purchases.purchaseentryitem created id=1
2026-06-15 06:21:46 DEBUG 61489 app.db : purchases.purchaseentry updated id=1
2026-06-15 06:21:46 DEBUG 61489 app.db : purchases.purchaseentry updated id=1
2026-06-15 06:21:46 DEBUG 61489 app.db : stock.stock updated id=1
2026-06-15 06:21:46 DEBUG 61489 app.db : stock.stockhistory created id=6
2026-06-15 06:22:16 DEBUG 61529 app.db : masters.financialyear updated id=1
2026-06-15 06:22:16 DEBUG 61529 app.db : users.user created id=5
2026-06-15 06:22:16 DEBUG 61529 app.db : users.user updated id=5
2026-06-15 06:22:16 DEBUG 61529 app.db : users.user created id=6
2026-06-15 06:22:16 DEBUG 61529 app.db : users.user updated id=6
2026-06-15 06:22:16 DEBUG 61529 app.db : users.user created id=7
2026-06-15 06:22:17 DEBUG 61529 app.db : users.user updated id=7
2026-06-15 06:22:17 DEBUG 61529 app.db : masters.organizationaddress created id=3
2026-06-15 06:22:17 DEBUG 61529 app.db : masters.organizationaddress created id=4
2026-06-15 06:22:17 DEBUG 61529 app.db : masters.vendor created id=4
2026-06-15 06:22:17 DEBUG 61529 app.db : masters.vendor created id=5
2026-06-15 06:22:17 DEBUG 61529 app.db : masters.vendor created id=6
2026-06-15 06:22:17 DEBUG 61529 app.db : masters.customer created id=4
2026-06-15 06:22:17 DEBUG 61529 app.db : masters.customer created id=5
2026-06-15 06:22:17 DEBUG 61529 app.db : masters.customer created id=6
2026-06-15 06:22:17 DEBUG 61529 app.db : masters.item created id=4
2026-06-15 06:22:17 DEBUG 61529 app.db : masters.item created id=5
2026-06-15 06:22:17 DEBUG 61529 app.db : masters.item created id=6
2026-06-15 06:22:17 DEBUG 61529 app.db : stock.warehouse created id=3
2026-06-15 06:22:17 DEBUG 61529 app.db : stock.warehouse created id=4
2026-06-15 06:22:17 DEBUG 61529 app.db : stock.stock created id=4
2026-06-15 06:22:17 DEBUG 61529 app.db : stock.stockadjustment created id=4
2026-06-15 06:22:17 DEBUG 61529 app.db : stock.stock updated id=4
2026-06-15 06:22:17 DEBUG 61529 app.db : stock.stockhistory created id=7
2026-06-15 06:22:17 DEBUG 61529 app.db : stock.stock created id=5
2026-06-15 06:22:17 DEBUG 61529 app.db : stock.stockadjustment created id=5
2026-06-15 06:22:17 DEBUG 61529 app.db : stock.stock updated id=5
2026-06-15 06:22:17 DEBUG 61529 app.db : stock.stockhistory created id=8
2026-06-15 06:22:17 DEBUG 61529 app.db : stock.stock created id=6
2026-06-15 06:22:17 DEBUG 61529 app.db : stock.stockadjustment created id=6
2026-06-15 06:22:17 DEBUG 61529 app.db : stock.stock updated id=6
2026-06-15 06:22:17 DEBUG 61529 app.db : stock.stockhistory created id=9
2026-06-15 06:22:17 DEBUG 61529 app.db : stock.stocktransfer created id=2
2026-06-15 06:22:17 DEBUG 61529 app.db : stock.stock updated id=4
2026-06-15 06:22:17 DEBUG 61529 app.db : stock.stock updated id=6
2026-06-15 06:22:17 DEBUG 61529 app.db : stock.stockhistory created id=10
2026-06-15 06:22:17 DEBUG 61529 app.db : stock.stockhistory created id=11
2026-06-15 06:22:17 DEBUG 61529 app.db : stock.stocktransfer updated id=2
2026-06-15 06:22:17 DEBUG 61529 app.db : purchases.purchaseorder created id=2
2026-06-15 06:22:17 DEBUG 61529 app.db : purchases.purchaseorderitem created id=2
2026-06-15 06:22:17 DEBUG 61529 app.db : purchases.purchaseorder updated id=2
2026-06-15 06:22:17 DEBUG 61529 app.db : purchases.purchaseentry created id=2
2026-06-15 06:22:17 DEBUG 61529 app.db : purchases.purchaseentryitem created id=2
2026-06-15 06:22:17 DEBUG 61529 app.db : purchases.purchaseentry updated id=2
2026-06-15 06:22:17 DEBUG 61529 app.db : purchases.purchaseentry updated id=2
2026-06-15 06:22:17 DEBUG 61529 app.db : stock.stock updated id=4
2026-06-15 06:22:17 DEBUG 61529 app.db : stock.stockhistory created id=12
2026-06-15 06:22:17 DEBUG 61529 app.db : purchases.purchasepayment created id=1
2026-06-15 06:22:17 DEBUG 61529 app.db : purchases.purchaseentry updated id=2
2026-06-15 06:22:17 DEBUG 61529 app.db : purchases.purchaseorder created id=3
2026-06-15 06:22:17 DEBUG 61529 app.db : purchases.purchaseorderitem created id=3
2026-06-15 06:22:17 DEBUG 61529 app.db : purchases.purchaseorder updated id=3
2026-06-15 06:22:17 DEBUG 61529 app.db : purchases.purchaseentry created id=3
2026-06-15 06:22:17 DEBUG 61529 app.db : purchases.purchaseentryitem created id=3
2026-06-15 06:22:17 DEBUG 61529 app.db : purchases.purchaseentry updated id=3
2026-06-15 06:22:17 DEBUG 61529 app.db : purchases.purchaseentry updated id=3
2026-06-15 06:22:17 DEBUG 61529 app.db : stock.stock updated id=5
2026-06-15 06:22:17 DEBUG 61529 app.db : stock.stockhistory created id=13
2026-06-15 06:22:17 DEBUG 61529 app.db : purchases.purchasepayment created id=2
2026-06-15 06:22:17 DEBUG 61529 app.db : purchases.purchaseentry updated id=3
2026-06-15 06:22:17 DEBUG 61529 app.db : sales.salesinvoice created id=1
2026-06-15 06:22:17 DEBUG 61529 app.db : sales.salesinvoice updated id=1
2026-06-15 06:22:17 DEBUG 61529 app.db : sales.salesinvoiceitem created id=1
2026-06-15 06:22:17 DEBUG 61529 app.db : sales.salesinvoice updated id=1
2026-06-15 06:22:17 DEBUG 61529 app.db : sales.salesinvoice updated id=1
2026-06-15 06:22:17 DEBUG 61529 app.db : sales.salesinvoiceitem created id=2
2026-06-15 06:22:17 DEBUG 61529 app.db : sales.salesinvoice updated id=1
2026-06-15 06:22:17 DEBUG 61529 app.db : sales.salesinvoice updated id=1
2026-06-15 06:22:17 DEBUG 61529 app.db : sales.salespayment created id=1
2026-06-15 06:22:17 DEBUG 61529 app.db : sales.salesinvoice updated id=1
2026-06-15 06:22:17 DEBUG 61529 app.db : sales.salesinvoice created id=2
2026-06-15 06:22:17 DEBUG 61529 app.db : sales.salesinvoice updated id=2
2026-06-15 06:22:17 DEBUG 61529 app.db : sales.salesinvoiceitem created id=3
2026-06-15 06:22:17 DEBUG 61529 app.db : sales.salesinvoice updated id=2
2026-06-15 06:22:17 DEBUG 61529 app.db : sales.salesinvoice updated id=2
2026-06-15 06:22:17 DEBUG 61529 app.db : sales.salespayment created id=2
2026-06-15 06:22:17 DEBUG 61529 app.db : sales.salesinvoice updated id=2
2026-06-15 06:22:17 DEBUG 61529 app.db : sales.salesinvoice created id=3
2026-06-15 06:22:17 DEBUG 61529 app.db : sales.salesinvoice updated id=3
2026-06-15 06:22:17 DEBUG 61529 app.db : sales.salesinvoiceitem created id=4
2026-06-15 06:22:17 DEBUG 61529 app.db : sales.salesinvoice updated id=3
2026-06-15 06:22:17 DEBUG 61529 app.db : sales.salesinvoice updated id=3
2026-06-15 06:22:17 DEBUG 61529 app.db : stock.stock updated id=4
2026-06-15 06:22:17 DEBUG 61529 app.db : stock.stockhistory created id=14
2026-06-15 06:22:17 DEBUG 61529 app.db : sales.salesinvoice updated id=1
2026-06-15 06:22:17 DEBUG 61529 app.db : stock.stock updated id=5
2026-06-15 06:22:17 DEBUG 61529 app.db : stock.stockhistory created id=15
2026-06-15 06:22:17 DEBUG 61529 app.db : sales.salesinvoice updated id=2
2026-06-15 06:22:17 DEBUG 61529 app.db : pettycash.pettycashfund created id=1
2026-06-15 06:22:17 DEBUG 61529 app.db : pettycash.pettycashfund updated id=1
2026-06-15 06:22:17 DEBUG 61529 app.db : pettycash.pettycashentry created id=1
2026-06-15 06:22:17 DEBUG 61529 app.db : pettycash.pettycashfund updated id=1
2026-06-15 06:22:17 DEBUG 61529 app.db : pettycash.pettycashentry created id=2
2026-06-15 06:22:17 DEBUG 61529 app.db : pettycash.pettycashfund updated id=1
2026-06-15 06:22:17 DEBUG 61529 app.db : pettycash.pettycashentry created id=3
2026-06-15 06:24:31 DEBUG 59401 app.db : masters.customer updated id=4
2026-06-15 06:24:31 DEBUG 59401 app.db : audit.auditlog created id=2
2026-06-15 06:24:43 DEBUG 59401 app.db : masters.customer updated id=6
2026-06-15 06:24:43 DEBUG 59401 app.db : audit.auditlog created id=3
2026-06-15 06:25:07 DEBUG 59401 app.db : masters.customer updated id=5
2026-06-15 06:25:07 DEBUG 59401 app.db : audit.auditlog created id=4
2026-06-15 06:28:23 DEBUG 59401 app.db : masters.item updated id=5
2026-06-15 06:28:23 DEBUG 59401 app.db : audit.auditlog created id=5
2026-06-15 06:31:22 DEBUG 59401 app.db : purchases.purchaseorder created id=4
2026-06-15 06:31:22 DEBUG 59401 app.db : purchases.purchaseorderitem created id=4
2026-06-15 06:31:22 DEBUG 59401 app.db : purchases.purchaseorder updated id=4
2026-06-15 06:31:34 DEBUG 59401 app.db : audit.auditlog created id=6
2026-06-15 06:32:06 DEBUG 59401 app.db : purchases.purchaseorder updated id=4
2026-06-15 06:32:06 DEBUG 59401 app.db : audit.auditlog created id=7
2026-06-15 06:50:42 DEBUG 63249 app.db : masters.vendor updated id=5
2026-06-15 06:50:42 DEBUG 63249 app.db : audit.auditlog created id=8
2026-06-15 06:51:40 DEBUG 63249 app.db : masters.vendor updated id=6
2026-06-15 06:51:40 DEBUG 63249 app.db : audit.auditlog created id=9
2026-06-15 06:56:18 DEBUG 63249 app.db : purchases.purchaseorder created id=5
2026-06-15 06:56:18 DEBUG 63249 app.db : purchases.purchaseorderitem created id=5
2026-06-15 06:56:18 DEBUG 63249 app.db : purchases.purchaseorder updated id=5
2026-06-15 06:56:18 DEBUG 63249 app.db : purchases.purchaseorderitem created id=6
2026-06-15 06:56:18 DEBUG 63249 app.db : purchases.purchaseorder updated id=5
2026-06-15 06:56:28 DEBUG 63249 app.db : audit.auditlog created id=10
2026-06-15 06:56:36 DEBUG 63249 app.db : purchases.purchaseorder updated id=5
2026-06-15 06:56:36 DEBUG 63249 app.db : audit.auditlog created id=11
2026-06-15 06:58:01 DEBUG 63249 app.db : purchases.purchaseentry created id=4
2026-06-15 06:58:01 DEBUG 63249 app.db : purchases.purchaseentryitem created id=4
2026-06-15 06:58:01 DEBUG 63249 app.db : purchases.purchaseentry updated id=4
2026-06-15 06:58:01 DEBUG 63249 app.db : purchases.purchaseentry updated id=4
2026-06-15 06:58:01 DEBUG 63249 app.db : purchases.purchaseentryitem created id=5
2026-06-15 06:58:01 DEBUG 63249 app.db : purchases.purchaseentry updated id=4
2026-06-15 06:58:01 DEBUG 63249 app.db : purchases.purchaseentry updated id=4
2026-06-15 06:58:01 DEBUG 63249 app.db : audit.auditlog created id=12
2026-06-15 06:58:18 DEBUG 63249 app.db : stock.stock updated id=5
2026-06-15 06:58:18 DEBUG 63249 app.db : stock.stockhistory created id=16
2026-06-15 06:58:18 DEBUG 63249 app.db : stock.stock updated id=4
2026-06-15 06:58:18 DEBUG 63249 app.db : stock.stockhistory created id=17
2026-06-15 06:58:18 DEBUG 63249 app.db : purchases.purchaseentry updated id=4
2026-06-15 06:58:18 DEBUG 63249 app.db : purchases.purchaseorder updated id=5
2026-06-15 06:58:18 DEBUG 63249 app.db : audit.auditlog created id=13
2026-06-15 07:04:24 DEBUG 63249 app.db : purchases.purchasepayment created id=3
2026-06-15 07:04:24 DEBUG 63249 app.db : purchases.purchaseentry updated id=4
2026-06-15 09:27:07 DEBUG 69299 app.db : migrations.migration created id=33
2026-06-15 09:29:05 DEBUG 69422 app.db : sales.salesinvoice created id=4
2026-06-15 09:29:05 DEBUG 69422 app.db : sales.salesinvoiceitem created id=5
2026-06-15 09:29:05 DEBUG 69422 app.db : sales.salesinvoice updated id=4
2026-06-15 09:29:05 DEBUG 69422 app.db : sales.salesinvoice updated id=4
2026-06-15 09:29:05 DEBUG 69422 app.db : audit.auditlog created id=14
2026-06-15 09:29:05 DEBUG 69422 app.db : stock.stock updated id=4
2026-06-15 09:29:05 DEBUG 69422 app.db : stock.stockhistory created id=18
2026-06-15 09:29:05 DEBUG 69422 app.db : sales.salesinvoice updated id=4
2026-06-15 09:29:05 DEBUG 69422 app.db : sales.salesinvoice updated id=4
2026-06-15 09:29:14 DEBUG 69422 app.db : audit.auditlog created id=15
2026-06-15 13:14:17 DEBUG 76280 app.db : masters.item deleted id=6
2026-06-15 13:38:29 DEBUG 78348 app.db : migrations.migration created id=34
2026-06-15 13:38:29 DEBUG 78348 app.db : migrations.migration created id=35
2026-06-15 13:44:31 DEBUG 78654 app.db : users.user updated id=1
2026-06-15 13:44:31 DEBUG 78654 app.db : audit.auditlog created id=16
2026-06-15 13:58:06 DEBUG 79965 app.db : migrations.migration created id=36
2026-06-15 13:58:06 DEBUG 79965 app.db : migrations.migration created id=37
2026-06-15 15:02:25 DEBUG 82396 app.db : sales.salespayment created id=3
2026-06-15 15:02:26 DEBUG 82396 app.db : sales.salesinvoice updated id=4
2026-06-15 15:04:34 DEBUG 82396 app.db : sales.salesreturn created id=1
2026-06-15 15:04:34 DEBUG 82396 app.db : sales.salesreturnitem created id=1
2026-06-15 15:04:34 DEBUG 82396 app.db : sales.salesreturn updated id=1
2026-06-15 15:04:35 DEBUG 82396 app.db : stock.stock updated id=4
2026-06-15 15:04:35 DEBUG 82396 app.db : stock.stockhistory created id=19
2026-06-15 15:04:35 DEBUG 82396 app.db : sales.salesreturn updated id=1
2026-06-15 15:04:35 DEBUG 82396 app.db : sales.salesreturn updated id=1
2026-06-15 15:04:35 DEBUG 82396 app.db : audit.auditlog created id=17
2026-06-15 15:19:23 DEBUG 84542 app.db : sales.salesinvoice created id=5
2026-06-15 15:19:23 DEBUG 84542 app.db : sales.salesinvoiceitem created id=6
2026-06-15 15:19:23 DEBUG 84542 app.db : sales.salesinvoice updated id=5
2026-06-15 15:19:23 DEBUG 84542 app.db : sales.salesinvoice updated id=5
2026-06-15 15:19:23 DEBUG 84542 app.db : sales.salesinvoiceitem created id=7
2026-06-15 15:19:23 DEBUG 84542 app.db : sales.salesinvoice updated id=5
2026-06-15 15:19:23 DEBUG 84542 app.db : sales.salesinvoice updated id=5
2026-06-15 15:19:23 DEBUG 84542 app.db : audit.auditlog created id=18
2026-06-15 15:19:23 DEBUG 84542 app.db : stock.stock updated id=5
2026-06-15 15:19:23 DEBUG 84542 app.db : stock.stockhistory created id=20
2026-06-15 15:19:23 DEBUG 84542 app.db : stock.stock updated id=4
2026-06-15 15:19:23 DEBUG 84542 app.db : stock.stockhistory created id=21
2026-06-15 15:19:23 DEBUG 84542 app.db : sales.salesinvoice updated id=5
2026-06-15 15:19:23 DEBUG 84542 app.db : sales.salesinvoice updated id=5
2026-06-15 15:19:33 DEBUG 84542 app.db : audit.auditlog created id=19
2026-06-15 15:20:00 DEBUG 84542 app.db : sales.salespayment created id=4
2026-06-15 15:20:00 DEBUG 84542 app.db : sales.salesinvoice updated id=5
2026-06-16 02:58:09 DEBUG 86210 app.db : users.user updated id=1
2026-06-16 02:58:09 DEBUG 86210 app.db : audit.auditlog created id=20
2026-06-16 03:00:32 DEBUG 86210 app.db : users.user updated id=6
2026-06-16 03:00:32 DEBUG 86210 app.db : audit.auditlog created id=21
2026-06-16 03:00:44 DEBUG 86210 app.db : audit.auditlog created id=22
2026-06-16 03:01:06 DEBUG 86210 app.db : users.user updated id=6
2026-06-16 03:01:06 DEBUG 86210 app.db : audit.auditlog created id=23
2026-06-16 03:01:54 DEBUG 86210 app.db : audit.auditlog created id=24
2026-06-16 03:01:57 DEBUG 86210 app.db : users.user updated id=1
2026-06-16 03:01:57 DEBUG 86210 app.db : audit.auditlog created id=25
2026-06-17 03:33:03 DEBUG 90688 app.db : users.user updated id=1
2026-06-17 03:33:03 DEBUG 90688 app.db : audit.auditlog created id=26
2026-06-18 04:43:11 DEBUG 7153 app.db : users.user updated id=1
2026-06-18 04:43:11 DEBUG 7153 app.db : audit.auditlog created id=27
2026-06-18 07:40:09 DEBUG 15804 app.db : users.user updated id=7
2026-06-18 07:40:09 DEBUG 15804 app.db : audit.auditlog created id=28
2026-06-18 10:40:12 DEBUG 27004 app.db : sales.salesinvoice created id=6
2026-06-18 10:40:12 DEBUG 27004 app.db : sales.salesinvoiceitem created id=8
2026-06-18 10:40:12 DEBUG 27004 app.db : sales.salesinvoice updated id=6
2026-06-18 10:40:12 DEBUG 27004 app.db : sales.salesinvoice updated id=6
2026-06-18 10:40:12 DEBUG 27004 app.db : audit.auditlog created id=29
2026-06-18 10:40:12 DEBUG 27004 app.db : stock.stock updated id=5
2026-06-18 10:40:12 DEBUG 27004 app.db : stock.stockhistory created id=22
2026-06-18 10:40:12 DEBUG 27004 app.db : sales.salesinvoice updated id=6
2026-06-18 10:40:12 DEBUG 27004 app.db : sales.salesinvoice updated id=6
2026-06-18 10:40:21 DEBUG 27004 app.db : audit.auditlog created id=30
2026-06-18 10:53:22 DEBUG 27004 app.db : sales.salespayment created id=5
2026-06-18 10:53:22 DEBUG 27004 app.db : sales.salesinvoice updated id=6
2026-06-18 15:05:01 DEBUG 27004 app.db : users.user updated id=1
2026-06-18 15:05:01 DEBUG 27004 app.db : audit.auditlog created id=31
2026-06-18 15:32:00 DEBUG 27004 app.db : masters.item created id=7
2026-06-18 15:32:00 DEBUG 27004 app.db : audit.auditlog created id=32
2026-06-18 15:39:23 DEBUG 27004 app.db : purchases.purchaseorder created id=6
2026-06-18 15:39:23 DEBUG 27004 app.db : purchases.purchaseorderitem created id=7
2026-06-18 15:39:23 DEBUG 27004 app.db : purchases.purchaseorder updated id=6
2026-06-18 15:39:23 DEBUG 27004 app.db : purchases.purchaseorderitem created id=8
2026-06-18 15:39:23 DEBUG 27004 app.db : purchases.purchaseorder updated id=6
2026-06-18 15:39:23 DEBUG 27004 app.db : audit.auditlog created id=33
2026-06-18 15:39:52 DEBUG 27004 app.db : purchases.purchaseorder updated id=6
2026-06-18 15:39:52 DEBUG 27004 app.db : purchases.purchaseorderitem deleted id=8
2026-06-18 15:39:52 DEBUG 27004 app.db : purchases.purchaseorderitem deleted id=7
2026-06-18 15:39:52 DEBUG 27004 app.db : purchases.purchaseorderitem created id=9
2026-06-18 15:39:52 DEBUG 27004 app.db : purchases.purchaseorder updated id=6
2026-06-18 15:39:52 DEBUG 27004 app.db : purchases.purchaseorderitem created id=10
2026-06-18 15:39:52 DEBUG 27004 app.db : purchases.purchaseorder updated id=6
2026-06-18 15:41:06 DEBUG 27004 app.db : purchases.purchaseorder updated id=6
2026-06-18 15:41:06 DEBUG 27004 app.db : audit.auditlog created id=34
2026-06-18 15:52:47 DEBUG 27004 app.db : purchases.purchaseentry created id=5
2026-06-18 15:52:47 DEBUG 27004 app.db : purchases.purchaseentryitem created id=6
2026-06-18 15:52:47 DEBUG 27004 app.db : purchases.purchaseentry updated id=5
2026-06-18 15:52:47 DEBUG 27004 app.db : purchases.purchaseentry updated id=5
2026-06-18 15:52:47 DEBUG 27004 app.db : purchases.purchaseentryitem created id=7
2026-06-18 15:52:47 DEBUG 27004 app.db : purchases.purchaseentry updated id=5
2026-06-18 15:52:47 DEBUG 27004 app.db : purchases.purchaseentry updated id=5
2026-06-18 15:52:47 DEBUG 27004 app.db : audit.auditlog created id=35
2026-06-18 15:53:36 DEBUG 27004 app.db : stock.stock updated id=5
2026-06-18 15:53:36 DEBUG 27004 app.db : stock.stockhistory created id=23
2026-06-18 15:53:36 DEBUG 27004 app.db : stock.stock created id=7
2026-06-18 15:53:36 DEBUG 27004 app.db : stock.stock updated id=7
2026-06-18 15:53:36 DEBUG 27004 app.db : stock.stockhistory created id=24
2026-06-18 15:53:36 DEBUG 27004 app.db : purchases.purchaseentry updated id=5
2026-06-18 15:53:36 DEBUG 27004 app.db : purchases.purchaseorder updated id=6
2026-06-18 15:53:36 DEBUG 27004 app.db : audit.auditlog created id=36
2026-06-19 03:43:02 DEBUG 27004 app.db : users.user updated id=1
2026-06-19 03:43:02 DEBUG 27004 app.db : audit.auditlog created id=37
2026-06-19 03:56:40 DEBUG 27004 app.db : sales.salesinvoice created id=7
2026-06-19 03:56:40 DEBUG 27004 app.db : sales.salesinvoiceitem created id=9
2026-06-19 03:56:40 DEBUG 27004 app.db : sales.salesinvoice updated id=7
2026-06-19 03:56:40 DEBUG 27004 app.db : sales.salesinvoice updated id=7
2026-06-19 03:56:40 DEBUG 27004 app.db : audit.auditlog created id=38
2026-06-19 03:56:40 DEBUG 27004 app.db : stock.stock updated id=5
2026-06-19 03:56:40 DEBUG 27004 app.db : stock.stockhistory created id=25
2026-06-19 03:56:40 DEBUG 27004 app.db : sales.salesinvoice updated id=7
2026-06-19 03:56:40 DEBUG 27004 app.db : sales.salesinvoice updated id=7
2026-06-19 03:56:45 DEBUG 27004 app.db : audit.auditlog created id=39
2026-06-19 04:06:17 DEBUG 38764 app.db : purchases.purchasepayment created id=4
2026-06-19 04:06:17 DEBUG 38764 app.db : purchases.purchaseentry updated id=2
2026-06-19 06:51:46 DEBUG 43389 app.db : sales.salesinvoice created id=8
2026-06-19 06:51:46 DEBUG 43389 app.db : sales.salesinvoiceitem created id=10
2026-06-19 06:51:46 DEBUG 43389 app.db : sales.salesinvoice updated id=8
2026-06-19 06:51:46 DEBUG 43389 app.db : sales.salesinvoice updated id=8
2026-06-19 06:51:46 DEBUG 43389 app.db : audit.auditlog created id=40
2026-06-19 06:51:46 DEBUG 43389 app.db : stock.stock updated id=5
2026-06-19 06:51:46 DEBUG 43389 app.db : stock.stockhistory created id=26
2026-06-19 06:51:46 DEBUG 43389 app.db : sales.salesinvoice updated id=8
2026-06-19 06:51:46 DEBUG 43389 app.db : sales.salesinvoice updated id=8
2026-06-19 06:51:46 DEBUG 43389 app.db : audit.auditlog created id=41
2026-06-19 06:52:44 DEBUG 43389 app.db : purchases.purchaseorder created id=7
2026-06-19 06:52:44 DEBUG 43389 app.db : purchases.purchaseorderitem created id=11
2026-06-19 06:52:44 DEBUG 43389 app.db : purchases.purchaseorder updated id=7
2026-06-19 06:52:53 DEBUG 43389 app.db : audit.auditlog created id=42
2026-06-19 07:08:13 DEBUG 43389 app.db : masters.customer updated id=4
2026-06-19 07:08:13 DEBUG 43389 app.db : audit.auditlog created id=43
2026-06-19 07:08:25 DEBUG 43389 app.db : masters.customer updated id=6
2026-06-19 07:08:25 DEBUG 43389 app.db : audit.auditlog created id=44
2026-06-19 07:08:35 DEBUG 43389 app.db : masters.customer updated id=5
2026-06-19 07:08:35 DEBUG 43389 app.db : audit.auditlog created id=45
2026-06-19 07:10:12 DEBUG 43389 app.db : masters.vendor updated id=5
2026-06-19 07:10:12 DEBUG 43389 app.db : audit.auditlog created id=46
2026-06-19 07:10:38 DEBUG 43389 app.db : masters.vendor updated id=4
2026-06-19 07:10:38 DEBUG 43389 app.db : audit.auditlog created id=47
2026-06-19 07:10:45 DEBUG 43389 app.db : masters.vendor updated id=6
2026-06-19 07:10:45 DEBUG 43389 app.db : audit.auditlog created id=48
2026-06-19 07:12:05 DEBUG 43389 app.db : sales.salesinvoice created id=9
2026-06-19 07:12:05 DEBUG 43389 app.db : sales.salesinvoiceitem created id=11
2026-06-19 07:12:05 DEBUG 43389 app.db : sales.salesinvoice updated id=9
2026-06-19 07:12:05 DEBUG 43389 app.db : sales.salesinvoice updated id=9
2026-06-19 07:12:05 DEBUG 43389 app.db : audit.auditlog created id=49
2026-06-19 07:12:05 DEBUG 43389 app.db : stock.stock updated id=4
2026-06-19 07:12:05 DEBUG 43389 app.db : stock.stockhistory created id=27
2026-06-19 07:12:05 DEBUG 43389 app.db : sales.salesinvoice updated id=9
2026-06-19 07:12:05 DEBUG 43389 app.db : sales.salesinvoice updated id=9
2026-06-19 07:12:05 DEBUG 43389 app.db : audit.auditlog created id=50
2026-06-19 07:34:11 DEBUG 46931 app.db : purchases.purchaseorder created id=8
2026-06-19 07:34:11 DEBUG 46931 app.db : purchases.purchaseorderitem created id=12
2026-06-19 07:34:11 DEBUG 46931 app.db : purchases.purchaseorder updated id=8
2026-06-19 07:34:11 DEBUG 46931 app.db : audit.auditlog created id=51
2026-06-19 07:35:41 DEBUG 46931 app.db : purchases.purchaseorder updated id=8
2026-06-19 07:35:41 DEBUG 46931 app.db : audit.auditlog created id=52
2026-06-19 07:36:20 DEBUG 46931 app.db : purchases.purchaseentry created id=6
2026-06-19 07:36:20 DEBUG 46931 app.db : purchases.purchaseentryitem created id=8
2026-06-19 07:36:20 DEBUG 46931 app.db : purchases.purchaseentry updated id=6
2026-06-19 07:36:20 DEBUG 46931 app.db : purchases.purchaseentry updated id=6
2026-06-19 07:36:20 DEBUG 46931 app.db : audit.auditlog created id=53
2026-06-19 07:43:42 DEBUG 46931 app.db : purchases.purchaseentryitem deleted id=8
2026-06-19 07:43:42 DEBUG 46931 app.db : purchases.purchaseentry deleted id=6
2026-06-19 07:44:02 DEBUG 46931 app.db : purchases.purchaseentry created id=7
2026-06-19 07:44:02 DEBUG 46931 app.db : purchases.purchaseentryitem created id=9
2026-06-19 07:44:02 DEBUG 46931 app.db : purchases.purchaseentry updated id=7
2026-06-19 07:44:02 DEBUG 46931 app.db : purchases.purchaseentry updated id=7
2026-06-19 07:44:02 DEBUG 46931 app.db : audit.auditlog created id=54
2026-06-19 07:46:30 DEBUG 46931 app.db : purchases.purchasepayment created id=5
2026-06-19 07:46:30 DEBUG 46931 app.db : purchases.purchaseentry updated id=7
2026-06-19 07:47:09 DEBUG 46931 app.db : stock.stock updated id=5
2026-06-19 07:47:09 DEBUG 46931 app.db : stock.stockhistory created id=28
2026-06-19 07:47:09 DEBUG 46931 app.db : purchases.purchaseentry updated id=7
2026-06-19 07:47:09 DEBUG 46931 app.db : purchases.purchaseorder updated id=8
2026-06-19 07:47:09 DEBUG 46931 app.db : audit.auditlog created id=55
2026-06-19 07:50:10 DEBUG 46931 app.db : stock.stock updated id=5
2026-06-19 07:50:10 DEBUG 46931 app.db : audit.auditlog created id=56
2026-06-19 07:54:18 DEBUG 46931 app.db : masters.financialyear created id=2
2026-06-19 08:13:52 DEBUG 46931 app.db : sales.salesinvoice created id=10
2026-06-19 08:13:52 DEBUG 46931 app.db : sales.salesinvoiceitem created id=12
2026-06-19 08:13:52 DEBUG 46931 app.db : sales.salesinvoice updated id=10
2026-06-19 08:13:52 DEBUG 46931 app.db : sales.salesinvoice updated id=10
2026-06-19 08:13:52 DEBUG 46931 app.db : sales.salesinvoiceitem created id=13
2026-06-19 08:13:52 DEBUG 46931 app.db : sales.salesinvoice updated id=10
2026-06-19 08:13:52 DEBUG 46931 app.db : sales.salesinvoice updated id=10
2026-06-19 08:13:52 DEBUG 46931 app.db : audit.auditlog created id=57
2026-06-19 08:13:53 DEBUG 46931 app.db : stock.stock updated id=5
2026-06-19 08:13:53 DEBUG 46931 app.db : stock.stockhistory created id=29
2026-06-19 08:13:53 DEBUG 46931 app.db : stock.stock updated id=4
2026-06-19 08:13:53 DEBUG 46931 app.db : stock.stockhistory created id=30
2026-06-19 08:13:53 DEBUG 46931 app.db : sales.salesinvoice updated id=10
2026-06-19 08:13:53 DEBUG 46931 app.db : sales.salesinvoice updated id=10
2026-06-19 08:14:02 DEBUG 46931 app.db : audit.auditlog created id=58
2026-06-19 08:17:28 DEBUG 46931 app.db : sales.salesreturn created id=2
2026-06-19 08:17:28 DEBUG 46931 app.db : sales.salesreturnitem created id=2
2026-06-19 08:17:28 DEBUG 46931 app.db : sales.salesreturn updated id=2
2026-06-19 08:17:28 DEBUG 46931 app.db : sales.salesreturnitem created id=3
2026-06-19 08:17:28 DEBUG 46931 app.db : sales.salesreturn updated id=2
2026-06-19 08:17:28 DEBUG 46931 app.db : stock.stock created id=8
2026-06-19 08:17:28 DEBUG 46931 app.db : stock.stock updated id=8
2026-06-19 08:17:28 DEBUG 46931 app.db : stock.stockhistory created id=31
2026-06-19 08:17:28 DEBUG 46931 app.db : stock.stock updated id=6
2026-06-19 08:17:28 DEBUG 46931 app.db : stock.stockhistory created id=32
2026-06-19 08:17:28 DEBUG 46931 app.db : sales.salesreturn updated id=2
2026-06-19 08:17:28 DEBUG 46931 app.db : sales.salesreturn updated id=2
2026-06-19 08:17:28 DEBUG 46931 app.db : audit.auditlog created id=59
2026-06-19 08:18:03 DEBUG 46931 app.db : stock.stock updated id=8
2026-06-19 08:18:03 DEBUG 46931 app.db : stock.stockhistory created id=33
2026-06-19 08:18:03 DEBUG 46931 app.db : stock.stock updated id=6
2026-06-19 08:18:03 DEBUG 46931 app.db : stock.stockhistory created id=34
2026-06-19 08:18:03 DEBUG 46931 app.db : sales.salesreturn updated id=2
2026-06-19 08:18:03 DEBUG 46931 app.db : sales.salesreturn updated id=2
2026-06-20 05:22:54 DEBUG 51287 app.db : users.user updated id=1
2026-06-20 05:22:54 DEBUG 51287 app.db : audit.auditlog created id=60
2026-06-20 05:23:54 DEBUG 51287 app.db : masters.financialyear updated id=2
2026-06-20 05:33:52 DEBUG 51287 app.db : sales.salespayment created id=6
2026-06-20 05:33:52 DEBUG 51287 app.db : sales.salesinvoice updated id=10
2026-06-22 05:43:12 DEBUG 51287 app.db : users.user updated id=1
2026-06-22 05:43:12 DEBUG 51287 app.db : audit.auditlog created id=61
2026-06-22 05:48:57 DEBUG 51287 app.db : stock.stock updated id=5
2026-06-22 05:48:57 DEBUG 51287 app.db : audit.auditlog created id=62
2026-06-22 05:50:40 DEBUG 51287 app.db : purchases.purchaseentry created id=8
2026-06-22 05:50:40 DEBUG 51287 app.db : purchases.purchaseentryitem created id=10
2026-06-22 05:50:40 DEBUG 51287 app.db : purchases.purchaseentry updated id=8
2026-06-22 05:50:40 DEBUG 51287 app.db : purchases.purchaseentry updated id=8
2026-06-22 05:50:40 DEBUG 51287 app.db : audit.auditlog created id=63
2026-06-22 09:42:17 DEBUG 51287 app.db : purchases.purchasepayment deleted id=2
2026-06-22 09:42:17 DEBUG 51287 app.db : purchases.purchaseentry updated id=3
2026-06-22 09:42:39 DEBUG 51287 app.db : purchases.purchasepayment created id=6
2026-06-22 09:42:39 DEBUG 51287 app.db : purchases.purchaseentry updated id=3
2026-06-22 09:43:06 DEBUG 51287 app.db : purchases.purchasepayment deleted id=6
2026-06-22 09:43:06 DEBUG 51287 app.db : purchases.purchaseentry updated id=3
2026-06-22 10:36:16 DEBUG 84849 app.db : purchases.purchasepayment created id=7
2026-06-22 10:36:16 DEBUG 84849 app.db : purchases.purchaseentry updated id=3
2026-06-23 04:00:12 DEBUG 84849 app.db : users.user updated id=1
2026-06-23 04:00:12 DEBUG 84849 app.db : audit.auditlog created id=64
2026-06-23 13:39:57 DEBUG 12004 app.db : users.user updated id=1
2026-06-23 13:39:57 DEBUG 12004 app.db : audit.auditlog created id=65
2026-06-23 16:31:58 DEBUG 18164 app.db : migrations.migration created id=38
2026-06-24 03:51:54 DEBUG 18552 app.db : users.user updated id=1
2026-06-24 03:51:54 DEBUG 18552 app.db : audit.auditlog created id=66
2026-06-24 05:18:23 DEBUG 28232 app.db : users.user updated id=1
2026-06-24 05:18:23 DEBUG 28232 app.db : audit.auditlog created id=67
2026-06-24 13:20:50 DEBUG 31416 app.db : users.user updated id=1
2026-06-24 13:20:50 DEBUG 31416 app.db : audit.auditlog created id=68
2026-06-25 15:12:35 DEBUG 31416 app.db : users.user updated id=1
2026-06-25 15:12:35 DEBUG 31416 app.db : audit.auditlog created id=69
2026-06-26 05:14:56 DEBUG 31416 app.db : users.user updated id=1
2026-06-26 05:14:56 DEBUG 31416 app.db : audit.auditlog created id=70
2026-06-26 07:58:54 DEBUG 31416 app.db : purchases.purchaseorder updated id=7
2026-06-26 07:58:54 DEBUG 31416 app.db : audit.auditlog created id=71
2026-06-26 11:02:30 DEBUG 69460 app.db : migrations.migration created id=39
2026-06-26 11:02:30 DEBUG 69460 app.db : migrations.migration created id=40
2026-06-26 14:35:38 DEBUG 69331 app.db : users.user updated id=1
2026-06-26 14:35:38 DEBUG 69331 app.db : audit.auditlog created id=72
2026-06-26 14:41:16 DEBUG 69331 app.db : purchases.purchaseorder created id=9
2026-06-26 14:41:16 DEBUG 69331 app.db : purchases.purchaseorderitem created id=13
2026-06-26 14:41:16 DEBUG 69331 app.db : purchases.purchaseorder updated id=9
2026-06-26 14:41:25 DEBUG 69331 app.db : audit.auditlog created id=73
2026-06-26 14:41:29 DEBUG 69331 app.db : purchases.purchaseorder updated id=9
2026-06-26 14:41:29 DEBUG 69331 app.db : audit.auditlog created id=74
2026-06-26 14:42:18 DEBUG 69331 app.db : purchases.purchaseentry created id=9
2026-06-26 14:42:18 DEBUG 69331 app.db : purchases.purchaseentryitem created id=11
2026-06-26 14:42:18 DEBUG 69331 app.db : purchases.purchaseentry updated id=9
2026-06-26 14:42:18 DEBUG 69331 app.db : purchases.purchaseentry updated id=9
2026-06-26 14:42:18 DEBUG 69331 app.db : audit.auditlog created id=75
2026-06-26 14:42:27 DEBUG 69331 app.db : stock.stock updated id=4
2026-06-26 14:42:27 DEBUG 69331 app.db : stock.stockbatch created id=1
2026-06-26 14:42:27 DEBUG 69331 app.db : stock.stockhistory created id=35
2026-06-26 14:42:27 DEBUG 69331 app.db : purchases.purchaseentry updated id=9
2026-06-26 14:42:27 DEBUG 69331 app.db : purchases.purchaseorder updated id=9
2026-06-26 14:42:27 DEBUG 69331 app.db : audit.auditlog created id=76
2026-06-26 15:31:04 DEBUG 74766 app.db : masters.item created id=8
2026-06-26 15:31:04 DEBUG 74766 app.db : audit.auditlog created id=77
2026-06-26 15:32:47 DEBUG 74766 app.db : purchases.purchaseorder created id=10
2026-06-26 15:32:47 DEBUG 74766 app.db : purchases.purchaseorderitem created id=14
2026-06-26 15:32:47 DEBUG 74766 app.db : purchases.purchaseorder updated id=10
2026-06-26 15:32:59 DEBUG 74766 app.db : audit.auditlog created id=78
2026-06-26 15:33:02 DEBUG 74766 app.db : purchases.purchaseorder updated id=10
2026-06-26 15:33:02 DEBUG 74766 app.db : audit.auditlog created id=79
2026-06-26 15:34:33 DEBUG 74766 app.db : purchases.purchaseentry created id=10
2026-06-26 15:34:33 DEBUG 74766 app.db : purchases.purchaseentryitem created id=12
2026-06-26 15:34:33 DEBUG 74766 app.db : purchases.purchaseentry updated id=10
2026-06-26 15:34:33 DEBUG 74766 app.db : purchases.purchaseentry updated id=10
2026-06-26 15:34:33 DEBUG 74766 app.db : audit.auditlog created id=80
2026-06-26 15:34:42 DEBUG 74766 app.db : stock.stock created id=9
2026-06-26 15:34:42 DEBUG 74766 app.db : stock.stock updated id=9
2026-06-26 15:34:42 DEBUG 74766 app.db : stock.stockbatch created id=2
2026-06-26 15:34:42 DEBUG 74766 app.db : stock.stockhistory created id=36
2026-06-26 15:34:42 DEBUG 74766 app.db : purchases.purchaseentry updated id=10
2026-06-26 15:34:42 DEBUG 74766 app.db : purchases.purchaseorder updated id=10
2026-06-26 15:34:42 DEBUG 74766 app.db : audit.auditlog created id=81
2026-06-27 03:07:22 DEBUG 74766 app.db : users.user updated id=1
2026-06-27 03:07:22 DEBUG 74766 app.db : audit.auditlog created id=82
2026-06-27 03:08:04 DEBUG 74766 app.db : sales.salesinvoice created id=11
2026-06-27 03:08:04 DEBUG 74766 app.db : sales.salesinvoiceitem created id=14
2026-06-27 03:08:04 DEBUG 74766 app.db : sales.salesinvoice updated id=11
2026-06-27 03:08:04 DEBUG 74766 app.db : sales.salesinvoice updated id=11
2026-06-27 03:08:04 DEBUG 74766 app.db : audit.auditlog created id=83
2026-06-27 03:08:04 DEBUG 74766 app.db : stock.stock updated id=9
2026-06-27 03:08:04 DEBUG 74766 app.db : stock.stockbatch updated id=2
2026-06-27 03:08:04 DEBUG 74766 app.db : stock.salesitembatchallocation created id=1
2026-06-27 03:08:04 DEBUG 74766 app.db : stock.stockhistory created id=37
2026-06-27 03:08:04 DEBUG 74766 app.db : sales.salesinvoice updated id=11
2026-06-27 03:08:04 DEBUG 74766 app.db : sales.salesinvoice updated id=11
2026-06-27 03:08:08 DEBUG 74766 app.db : audit.auditlog created id=84
2026-06-27 03:09:01 DEBUG 74766 app.db : purchases.purchaseorder created id=11
2026-06-27 03:09:01 DEBUG 74766 app.db : purchases.purchaseorderitem created id=15
2026-06-27 03:09:01 DEBUG 74766 app.db : purchases.purchaseorder updated id=11
2026-06-27 03:09:05 DEBUG 74766 app.db : audit.auditlog created id=85
2026-06-27 03:09:09 DEBUG 74766 app.db : purchases.purchaseorder updated id=11
2026-06-27 03:09:09 DEBUG 74766 app.db : audit.auditlog created id=86
2026-06-27 03:09:45 DEBUG 74766 app.db : purchases.purchaseentry created id=11
2026-06-27 03:09:45 DEBUG 74766 app.db : purchases.purchaseentryitem created id=13
2026-06-27 03:09:45 DEBUG 74766 app.db : purchases.purchaseentry updated id=11
2026-06-27 03:09:45 DEBUG 74766 app.db : purchases.purchaseentry updated id=11
2026-06-27 03:09:45 DEBUG 74766 app.db : audit.auditlog created id=87
2026-06-27 03:09:50 DEBUG 74766 app.db : stock.stock updated id=9
2026-06-27 03:09:50 DEBUG 74766 app.db : stock.stockbatch created id=3
2026-06-27 03:09:50 DEBUG 74766 app.db : stock.stockhistory created id=38
2026-06-27 03:09:50 DEBUG 74766 app.db : purchases.purchaseentry updated id=11
2026-06-27 03:09:50 DEBUG 74766 app.db : purchases.purchaseorder updated id=11
2026-06-27 03:09:50 DEBUG 74766 app.db : audit.auditlog created id=88
2026-06-27 03:49:06 DEBUG 78668 app.db : sales.salesinvoice created id=12
2026-06-27 03:49:06 DEBUG 78668 app.db : sales.salesinvoiceitem created id=15
2026-06-27 03:49:06 DEBUG 78668 app.db : sales.salesinvoice updated id=12
2026-06-27 03:49:06 DEBUG 78668 app.db : sales.salesinvoice updated id=12
2026-06-27 03:49:06 DEBUG 78668 app.db : sales.salesinvoiceitem created id=16
2026-06-27 03:49:06 DEBUG 78668 app.db : sales.salesinvoice updated id=12
2026-06-27 03:49:06 DEBUG 78668 app.db : sales.salesinvoice updated id=12
2026-06-27 03:49:06 DEBUG 78668 app.db : sales.salesinvoiceitem created id=17
2026-06-27 03:49:06 DEBUG 78668 app.db : sales.salesinvoice updated id=12
2026-06-27 03:49:06 DEBUG 78668 app.db : sales.salesinvoice updated id=12
2026-06-27 03:49:06 DEBUG 78668 app.db : sales.salesinvoiceitem created id=18
2026-06-27 03:49:06 DEBUG 78668 app.db : sales.salesinvoice updated id=12
2026-06-27 03:49:06 DEBUG 78668 app.db : sales.salesinvoice updated id=12
2026-06-27 03:49:06 DEBUG 78668 app.db : audit.auditlog created id=89
2026-06-27 03:49:22 DEBUG 78668 app.db : sales.salesinvoice created id=13
2026-06-27 03:49:22 DEBUG 78668 app.db : sales.salesinvoiceitem created id=19
2026-06-27 03:49:22 DEBUG 78668 app.db : sales.salesinvoice updated id=13
2026-06-27 03:49:22 DEBUG 78668 app.db : sales.salesinvoice updated id=13
2026-06-27 03:49:22 DEBUG 78668 app.db : sales.salesinvoiceitem created id=20
2026-06-27 03:49:22 DEBUG 78668 app.db : sales.salesinvoice updated id=13
2026-06-27 03:49:22 DEBUG 78668 app.db : sales.salesinvoice updated id=13
2026-06-27 03:49:22 DEBUG 78668 app.db : sales.salesinvoiceitem created id=21
2026-06-27 03:49:22 DEBUG 78668 app.db : sales.salesinvoice updated id=13
2026-06-27 03:49:22 DEBUG 78668 app.db : sales.salesinvoice updated id=13
2026-06-27 03:49:22 DEBUG 78668 app.db : sales.salesinvoiceitem created id=22
2026-06-27 03:49:22 DEBUG 78668 app.db : sales.salesinvoice updated id=13
2026-06-27 03:49:22 DEBUG 78668 app.db : sales.salesinvoice updated id=13
2026-06-27 03:49:22 DEBUG 78668 app.db : audit.auditlog created id=90
2026-06-27 04:00:31 DEBUG 80668 app.db : users.user deleted id=7
2026-06-27 04:00:31 DEBUG 80668 app.db : users.user deleted id=6
2026-06-27 04:02:43 DEBUG 79924 app.db : masters.item created id=1
2026-06-27 04:02:43 DEBUG 79924 app.db : audit.auditlog created id=1
2026-06-27 04:05:44 DEBUG 79924 app.db : masters.item created id=2
2026-06-27 04:05:44 DEBUG 79924 app.db : audit.auditlog created id=2
2026-06-27 04:06:55 DEBUG 79924 app.db : masters.item created id=3
2026-06-27 04:06:55 DEBUG 79924 app.db : audit.auditlog created id=3
2026-06-27 04:18:28 DEBUG 79924 app.db : masters.vendor created id=1
2026-06-27 04:18:28 DEBUG 79924 app.db : masters.vendor updated id=1
2026-06-27 04:18:28 DEBUG 79924 app.db : audit.auditlog created id=4
2026-06-27 04:39:53 DEBUG 79924 app.db : masters.customer created id=1
2026-06-27 04:39:53 DEBUG 79924 app.db : masters.customer updated id=1
2026-06-27 04:39:53 DEBUG 79924 app.db : audit.auditlog created id=5
2026-06-27 04:40:02 DEBUG 79924 app.db : masters.customer updated id=1
2026-06-27 04:40:02 DEBUG 79924 app.db : audit.auditlog created id=6
2026-06-27 04:40:21 DEBUG 79924 app.db : stock.warehouse created id=1
2026-06-27 04:40:21 DEBUG 79924 app.db : audit.auditlog created id=7
2026-06-27 04:42:11 DEBUG 79924 app.db : purchases.purchaseorder created id=1
2026-06-27 04:42:11 DEBUG 79924 app.db : purchases.purchaseorderitem created id=1
2026-06-27 04:42:11 DEBUG 79924 app.db : purchases.purchaseorder updated id=1
2026-06-27 04:42:11 DEBUG 79924 app.db : purchases.purchaseorderitem created id=2
2026-06-27 04:42:11 DEBUG 79924 app.db : purchases.purchaseorder updated id=1
2026-06-27 04:42:24 DEBUG 79924 app.db : audit.auditlog created id=8
2026-06-27 04:43:05 DEBUG 79924 app.db : purchases.purchaseorder updated id=1
2026-06-27 04:43:05 DEBUG 79924 app.db : audit.auditlog created id=9
2026-06-27 04:53:18 DEBUG 79924 app.db : purchases.purchaseentry created id=1
2026-06-27 04:53:18 DEBUG 79924 app.db : purchases.purchaseentryitem created id=1
2026-06-27 04:53:18 DEBUG 79924 app.db : purchases.purchaseentry updated id=1
2026-06-27 04:53:18 DEBUG 79924 app.db : purchases.purchaseentry updated id=1
2026-06-27 04:53:18 DEBUG 79924 app.db : purchases.purchaseentryitem created id=2
2026-06-27 04:53:18 DEBUG 79924 app.db : purchases.purchaseentry updated id=1
2026-06-27 04:53:18 DEBUG 79924 app.db : purchases.purchaseentry updated id=1
2026-06-27 04:53:18 DEBUG 79924 app.db : audit.auditlog created id=10
2026-06-27 04:53:27 DEBUG 79924 app.db : stock.stock created id=1
2026-06-27 04:53:27 DEBUG 79924 app.db : stock.stock updated id=1
2026-06-27 04:53:27 DEBUG 79924 app.db : stock.stockbatch created id=1
2026-06-27 04:53:27 DEBUG 79924 app.db : stock.stockhistory created id=1
2026-06-27 04:53:27 DEBUG 79924 app.db : stock.stock created id=2
2026-06-27 04:53:27 DEBUG 79924 app.db : stock.stock updated id=2
2026-06-27 04:53:27 DEBUG 79924 app.db : stock.stockbatch created id=2
2026-06-27 04:53:27 DEBUG 79924 app.db : stock.stockhistory created id=2
2026-06-27 04:53:27 DEBUG 79924 app.db : purchases.purchaseentry updated id=1
2026-06-27 04:53:27 DEBUG 79924 app.db : purchases.purchaseorder updated id=1
2026-06-27 04:53:27 DEBUG 79924 app.db : audit.auditlog created id=11
2026-06-27 05:12:39 DEBUG 84741 app.db : migrations.migration created id=41
2026-06-27 05:31:05 DEBUG 86433 app.db : masters.customer created id=2
2026-06-27 05:31:05 DEBUG 86433 app.db : stock.warehouse created id=2
2026-06-27 05:31:05 DEBUG 86433 app.db : masters.item created id=4
2026-06-27 05:31:05 DEBUG 86433 app.db : sales.salesinvoice created id=1
2026-06-27 05:31:05 DEBUG 86433 app.db : sales.salesinvoice updated id=1
2026-06-27 05:31:05 DEBUG 86433 app.db : sales.salesinvoiceitem created id=1
2026-06-27 05:31:05 DEBUG 86433 app.db : sales.salesinvoice updated id=1
2026-06-27 05:31:05 DEBUG 86433 app.db : sales.salesinvoice updated id=1
2026-06-27 05:31:06 DEBUG 86433 app.db : sales.salesreturn created id=1
2026-06-27 05:31:06 DEBUG 86433 app.db : sales.salesreturnitem created id=1
2026-06-27 05:31:06 DEBUG 86433 app.db : sales.salesreturn updated id=1
2026-06-27 05:31:06 DEBUG 86433 app.db : stock.stock created id=3
2026-06-27 05:31:06 DEBUG 86433 app.db : stock.stock updated id=3
2026-06-27 05:31:06 DEBUG 86433 app.db : stock.stockhistory created id=3
2026-06-27 05:31:06 DEBUG 86433 app.db : sales.salesreturn updated id=1
2026-06-27 05:31:06 DEBUG 86433 app.db : stock.stockhistory created id=4
2026-06-27 05:31:06 DEBUG 86433 app.db : stock.stock updated id=3
2026-06-27 05:31:06 DEBUG 86433 app.db : sales.salesreturn updated id=1
2026-06-27 05:31:06 DEBUG 86433 app.db : sales.salesreturn created id=2
2026-06-27 05:31:06 DEBUG 86433 app.db : sales.salesreturnitem created id=2
2026-06-27 05:31:06 DEBUG 86433 app.db : sales.salesreturn updated id=2
2026-06-27 05:31:06 DEBUG 86433 app.db : stock.stock updated id=3
2026-06-27 05:31:06 DEBUG 86433 app.db : stock.stockhistory created id=5
2026-06-27 05:31:06 DEBUG 86433 app.db : sales.salesreturn updated id=2
2026-06-27 05:31:06 DEBUG 86433 app.db : stock.stockhistory created id=6
2026-06-27 05:31:06 DEBUG 86433 app.db : stock.stock updated id=3
2026-06-27 05:31:06 DEBUG 86433 app.db : sales.salesreturn updated id=2
2026-06-27 05:31:53 DEBUG 86492 app.db : masters.customer created id=3
2026-06-27 05:31:53 DEBUG 86492 app.db : stock.warehouse created id=3
2026-06-27 05:31:53 DEBUG 86492 app.db : masters.item created id=5
2026-06-27 05:31:53 DEBUG 86492 app.db : sales.salesinvoice created id=2
2026-06-27 05:31:53 DEBUG 86492 app.db : sales.salesinvoice updated id=2
2026-06-27 05:31:53 DEBUG 86492 app.db : sales.salesinvoiceitem created id=2
2026-06-27 05:31:53 DEBUG 86492 app.db : sales.salesinvoice updated id=2
2026-06-27 05:31:53 DEBUG 86492 app.db : sales.salesinvoice updated id=2
2026-06-27 05:31:53 DEBUG 86492 app.db : sales.salesreturn created id=3
2026-06-27 05:31:53 DEBUG 86492 app.db : sales.salesreturnitem created id=3
2026-06-27 05:31:53 DEBUG 86492 app.db : sales.salesreturn updated id=3
2026-06-27 05:31:53 DEBUG 86492 app.db : stock.stock created id=4
2026-06-27 05:31:53 DEBUG 86492 app.db : stock.stock updated id=4
2026-06-27 05:31:53 DEBUG 86492 app.db : stock.stockhistory created id=7
2026-06-27 05:31:53 DEBUG 86492 app.db : sales.salesreturn updated id=3
2026-06-27 05:31:53 DEBUG 86492 app.db : stock.stockhistory created id=8
2026-06-27 05:31:53 DEBUG 86492 app.db : stock.stock updated id=4
2026-06-27 05:31:53 DEBUG 86492 app.db : sales.salesreturn updated id=3
2026-06-27 05:31:53 DEBUG 86492 app.db : sales.salesreturn created id=4
2026-06-27 05:31:53 DEBUG 86492 app.db : sales.salesreturnitem created id=4
2026-06-27 05:31:53 DEBUG 86492 app.db : sales.salesreturn updated id=4
2026-06-27 05:31:53 DEBUG 86492 app.db : stock.stock updated id=4
2026-06-27 05:31:53 DEBUG 86492 app.db : stock.stockhistory created id=9
2026-06-27 05:31:53 DEBUG 86492 app.db : sales.salesreturn updated id=4
2026-06-27 05:31:53 DEBUG 86492 app.db : stock.stockhistory created id=10
2026-06-27 05:31:53 DEBUG 86492 app.db : stock.stock updated id=4
2026-06-27 05:31:53 DEBUG 86492 app.db : sales.salesreturn updated id=4
2026-06-27 05:33:11 DEBUG 86568 app.db : masters.customer created id=4
2026-06-27 05:33:11 DEBUG 86568 app.db : stock.warehouse created id=4
2026-06-27 05:33:11 DEBUG 86568 app.db : masters.item created id=6
2026-06-27 05:33:11 DEBUG 86568 app.db : sales.salesinvoice created id=3
2026-06-27 05:33:11 DEBUG 86568 app.db : sales.salesinvoice updated id=3
2026-06-27 05:33:11 DEBUG 86568 app.db : sales.salesinvoiceitem created id=3
2026-06-27 05:33:11 DEBUG 86568 app.db : sales.salesinvoice updated id=3
2026-06-27 05:33:11 DEBUG 86568 app.db : sales.salesinvoice updated id=3
2026-06-27 05:33:11 DEBUG 86568 app.db : sales.salesreturn created id=5
2026-06-27 05:33:11 DEBUG 86568 app.db : sales.salesreturnitem created id=5
2026-06-27 05:33:11 DEBUG 86568 app.db : sales.salesreturn updated id=5
2026-06-27 05:33:11 DEBUG 86568 app.db : stock.stock created id=5
2026-06-27 05:33:11 DEBUG 86568 app.db : stock.stock updated id=5
2026-06-27 05:33:11 DEBUG 86568 app.db : stock.stockhistory created id=11
2026-06-27 05:33:11 DEBUG 86568 app.db : sales.salesreturn updated id=5
2026-06-27 05:33:11 DEBUG 86568 app.db : stock.stockhistory created id=12
2026-06-27 05:33:11 DEBUG 86568 app.db : stock.stock updated id=5
2026-06-27 05:33:11 DEBUG 86568 app.db : sales.salesreturn updated id=5
2026-06-27 05:33:11 DEBUG 86568 app.db : masters.customer created id=5
2026-06-27 05:33:11 DEBUG 86568 app.db : stock.warehouse created id=5
2026-06-27 05:33:11 DEBUG 86568 app.db : masters.item created id=7
2026-06-27 05:33:11 DEBUG 86568 app.db : sales.salesinvoice created id=4
2026-06-27 05:33:11 DEBUG 86568 app.db : sales.salesinvoice updated id=4
2026-06-27 05:33:11 DEBUG 86568 app.db : sales.salesinvoiceitem created id=4
2026-06-27 05:33:11 DEBUG 86568 app.db : sales.salesinvoice updated id=4
2026-06-27 05:33:11 DEBUG 86568 app.db : sales.salesinvoice updated id=4
2026-06-27 05:33:11 DEBUG 86568 app.db : sales.salesreturn created id=6
2026-06-27 05:33:11 DEBUG 86568 app.db : sales.salesreturnitem created id=6
2026-06-27 05:33:11 DEBUG 86568 app.db : sales.salesreturn updated id=6
2026-06-27 05:33:11 DEBUG 86568 app.db : stock.stock created id=6
2026-06-27 05:33:11 DEBUG 86568 app.db : stock.stock updated id=6
2026-06-27 05:33:11 DEBUG 86568 app.db : stock.stockhistory created id=13
2026-06-27 05:33:11 DEBUG 86568 app.db : sales.salesreturn updated id=6
2026-06-27 05:33:11 DEBUG 86568 app.db : stock.stockhistory created id=14
2026-06-27 05:33:11 DEBUG 86568 app.db : stock.stock updated id=6
2026-06-27 05:33:11 DEBUG 86568 app.db : sales.salesreturn updated id=6
2026-06-27 05:39:43 DEBUG 85681 app.db : purchases.purchasepayment created id=1
2026-06-27 05:39:43 DEBUG 85681 app.db : purchases.purchaseentry updated id=1
2026-06-27 05:41:43 DEBUG 85681 app.db : users.user created id=8
2026-06-27 05:41:43 DEBUG 85681 app.db : users.user updated id=8
2026-06-27 05:41:54 DEBUG 85681 app.db : audit.auditlog created id=12
2026-06-27 05:43:12 DEBUG 85681 app.db : pettycash.pettycashfund created id=1
2026-06-27 05:48:36 DEBUG 85681 app.db : sales.salesinvoice created id=5
2026-06-27 05:48:36 DEBUG 85681 app.db : sales.salesinvoiceitem created id=5
2026-06-27 05:48:36 DEBUG 85681 app.db : sales.salesinvoice updated id=5
2026-06-27 05:48:36 DEBUG 85681 app.db : sales.salesinvoice updated id=5
2026-06-27 05:48:36 DEBUG 85681 app.db : audit.auditlog created id=13
2026-06-27 05:48:36 DEBUG 85681 app.db : stock.stock updated id=1
2026-06-27 05:48:36 DEBUG 85681 app.db : stock.stockbatch updated id=1
2026-06-27 05:48:36 DEBUG 85681 app.db : stock.salesitembatchallocation created id=1
2026-06-27 05:48:36 DEBUG 85681 app.db : stock.stockhistory created id=15
2026-06-27 05:48:36 DEBUG 85681 app.db : sales.salesinvoice updated id=5
2026-06-27 05:48:36 DEBUG 85681 app.db : sales.salesinvoice updated id=5
2026-06-27 05:48:40 DEBUG 85681 app.db : audit.auditlog created id=14
2026-06-27 05:52:35 DEBUG 85681 app.db : purchases.purchaseorder created id=2
2026-06-27 05:52:35 DEBUG 85681 app.db : purchases.purchaseorderitem created id=3
2026-06-27 05:52:35 DEBUG 85681 app.db : purchases.purchaseorder updated id=2
2026-06-27 05:52:39 DEBUG 85681 app.db : audit.auditlog created id=15
2026-06-27 05:52:53 DEBUG 85681 app.db : purchases.purchaseorder updated id=2
2026-06-27 05:52:53 DEBUG 85681 app.db : audit.auditlog created id=16
2026-06-27 05:53:19 DEBUG 85681 app.db : purchases.purchaseentry created id=2
2026-06-27 05:53:19 DEBUG 85681 app.db : purchases.purchaseentryitem created id=3
2026-06-27 05:53:19 DEBUG 85681 app.db : purchases.purchaseentry updated id=2
2026-06-27 05:53:19 DEBUG 85681 app.db : purchases.purchaseentry updated id=2
2026-06-27 05:53:20 DEBUG 85681 app.db : audit.auditlog created id=17
2026-06-27 05:53:24 DEBUG 85681 app.db : stock.stock updated id=1
2026-06-27 05:53:24 DEBUG 85681 app.db : stock.stockbatch created id=3
2026-06-27 05:53:24 DEBUG 85681 app.db : stock.stockhistory created id=16
2026-06-27 05:53:24 DEBUG 85681 app.db : purchases.purchaseentry updated id=2
2026-06-27 05:53:24 DEBUG 85681 app.db : purchases.purchaseorder updated id=2
2026-06-27 05:53:24 DEBUG 85681 app.db : audit.auditlog created id=18
2026-06-27 06:29:44 DEBUG 85681 app.db : sales.salespayment created id=1
2026-06-27 06:29:44 DEBUG 85681 app.db : sales.salesinvoice updated id=5
2026-06-27 06:40:27 DEBUG 85681 app.db : sales.salesinvoice created id=6
2026-06-27 06:40:27 DEBUG 85681 app.db : sales.salesinvoiceitem created id=6
2026-06-27 06:40:27 DEBUG 85681 app.db : sales.salesinvoice updated id=6
2026-06-27 06:40:27 DEBUG 85681 app.db : sales.salesinvoice updated id=6
2026-06-27 06:40:27 DEBUG 85681 app.db : sales.salesinvoiceitem created id=7
2026-06-27 06:40:27 DEBUG 85681 app.db : sales.salesinvoice updated id=6
2026-06-27 06:40:27 DEBUG 85681 app.db : sales.salesinvoice updated id=6
2026-06-27 06:40:27 DEBUG 85681 app.db : sales.salesinvoiceitem created id=8
2026-06-27 06:40:27 DEBUG 85681 app.db : sales.salesinvoice updated id=6
2026-06-27 06:40:27 DEBUG 85681 app.db : sales.salesinvoice updated id=6
2026-06-27 06:40:27 DEBUG 85681 app.db : audit.auditlog created id=19
2026-06-27 06:40:30 DEBUG 85681 app.db : stock.stock updated id=1
2026-06-27 06:40:30 DEBUG 85681 app.db : stock.stockbatch updated id=1
2026-06-27 06:40:30 DEBUG 85681 app.db : stock.salesitembatchallocation created id=2
2026-06-27 06:40:30 DEBUG 85681 app.db : stock.stockhistory created id=17
2026-06-27 06:40:30 DEBUG 85681 app.db : stock.stock updated id=1
2026-06-27 06:40:30 DEBUG 85681 app.db : stock.stockbatch updated id=3
2026-06-27 06:40:30 DEBUG 85681 app.db : stock.salesitembatchallocation created id=3
2026-06-27 06:40:30 DEBUG 85681 app.db : stock.stockhistory created id=18
2026-06-27 06:40:30 DEBUG 85681 app.db : stock.stock updated id=2
2026-06-27 06:40:30 DEBUG 85681 app.db : stock.stockbatch updated id=2
2026-06-27 06:40:30 DEBUG 85681 app.db : stock.salesitembatchallocation created id=4
2026-06-27 06:40:30 DEBUG 85681 app.db : stock.stockhistory created id=19
2026-06-27 06:40:30 DEBUG 85681 app.db : sales.salesinvoice updated id=6
2026-06-27 06:40:30 DEBUG 85681 app.db : sales.salesinvoice updated id=6
2026-06-27 06:40:35 DEBUG 85681 app.db : audit.auditlog created id=20
2026-06-27 06:58:20 DEBUG 85681 app.db : sales.salespayment created id=2
2026-06-27 06:58:20 DEBUG 85681 app.db : sales.salesinvoice updated id=6
2026-06-27 07:05:22 DEBUG 85681 app.db : sales.salesreturn created id=7
2026-06-27 07:05:22 DEBUG 85681 app.db : sales.salesreturnitem created id=7
2026-06-27 07:05:22 DEBUG 85681 app.db : sales.salesreturn updated id=7
2026-06-27 07:05:22 DEBUG 85681 app.db : stock.stockbatch created id=4
2026-06-27 07:05:22 DEBUG 85681 app.db : stock.stock updated id=1
2026-06-27 07:05:22 DEBUG 85681 app.db : stock.stockhistory created id=20
2026-06-27 07:05:22 DEBUG 85681 app.db : sales.salesreturn updated id=7
2026-06-27 07:05:22 DEBUG 85681 app.db : sales.salesreturn updated id=7
2026-06-27 07:05:22 DEBUG 85681 app.db : audit.auditlog created id=21
2026-06-27 07:15:46 DEBUG 92086 app.db : purchases.purchaseorder created id=3
2026-06-27 07:15:46 DEBUG 92086 app.db : purchases.purchaseorderitem created id=4
2026-06-27 07:15:46 DEBUG 92086 app.db : purchases.purchaseorder updated id=3
2026-06-27 07:15:55 DEBUG 92086 app.db : audit.auditlog created id=22
2026-06-27 07:15:59 DEBUG 92086 app.db : purchases.purchaseorder updated id=3
2026-06-27 07:15:59 DEBUG 92086 app.db : audit.auditlog created id=23
2026-06-27 07:16:46 DEBUG 92086 app.db : purchases.purchaseentry created id=3
2026-06-27 07:16:46 DEBUG 92086 app.db : purchases.purchaseentryitem created id=4
2026-06-27 07:16:46 DEBUG 92086 app.db : purchases.purchaseentry updated id=3
2026-06-27 07:16:46 DEBUG 92086 app.db : purchases.purchaseentry updated id=3
2026-06-27 07:16:46 DEBUG 92086 app.db : audit.auditlog created id=24
2026-06-27 07:20:40 DEBUG 92086 app.db : stock.stock updated id=1
2026-06-27 07:20:40 DEBUG 92086 app.db : stock.stockbatch created id=5
2026-06-27 07:20:40 DEBUG 92086 app.db : stock.stockhistory created id=21
2026-06-27 07:20:40 DEBUG 92086 app.db : purchases.purchaseentry updated id=3
2026-06-27 07:20:40 DEBUG 92086 app.db : purchases.purchaseorder updated id=3
2026-06-27 07:20:40 DEBUG 92086 app.db : audit.auditlog created id=25
2026-06-27 07:28:21 DEBUG 92086 app.db : sales.salesreturn created id=8
2026-06-27 07:28:21 DEBUG 92086 app.db : sales.salesreturnitem created id=8
2026-06-27 07:28:21 DEBUG 92086 app.db : sales.salesreturn updated id=8
2026-06-27 07:28:21 DEBUG 92086 app.db : stock.stock updated id=1
2026-06-27 07:28:21 DEBUG 92086 app.db : stock.stockhistory created id=22
2026-06-27 07:28:21 DEBUG 92086 app.db : sales.salesreturn updated id=8
2026-06-27 07:28:21 DEBUG 92086 app.db : sales.salesreturn updated id=8
2026-06-27 07:28:21 DEBUG 92086 app.db : audit.auditlog created id=26
2026-06-27 07:47:11 DEBUG 93928 app.db : stock.stockadjustment created id=1
2026-06-27 07:47:11 DEBUG 93928 app.db : stock.stock updated id=1
2026-06-27 07:47:11 DEBUG 93928 app.db : stock.stockhistory created id=23
2026-06-27 07:47:11 DEBUG 93928 app.db : audit.auditlog created id=27
2026-06-27 07:47:21 DEBUG 93928 app.db : stock.stock updated id=1
2026-06-27 07:47:21 DEBUG 93928 app.db : stock.stockadjustment updated id=1
2026-06-27 07:47:21 DEBUG 93928 app.db : stock.stockhistory created id=24
2026-06-27 07:47:21 DEBUG 93928 app.db : audit.auditlog created id=28
2026-06-27 09:25:47 DEBUG 98670 app.db : sales.salespayment created id=3
2026-06-27 09:25:47 DEBUG 98670 app.db : sales.salesinvoice updated id=5
